<?xml version="1.0" encoding="UTF-8"?>
<robot generator="Robot 6.1.1 (Python 3.10.0 on win32)" generated="20260114 19:01:54.882" rpa="false" schemaversion="4">
<suite id="s1" name="Test Reset App" source="C:\robot_framework_project\tests\test_reset_app.robot">
<test id="s1-t1" name="User Can Reset Application State" line="8">
<kw name="Open Application Browser" library="keywords">
<kw name="Evaluate" library="BuiltIn">
<var>${options}</var>
<arg>sys.modules['selenium.webdriver'].ChromeOptions()</arg>
<arg>sys</arg>
<doc>Evaluates the given expression in Python and returns the result.</doc>
<msg timestamp="20260114 19:01:55.185" level="INFO">${options} = &lt;selenium.webdriver.chrome.options.Options object at 0x0000017B846F9DB0&gt;</msg>
<status status="PASS" starttime="20260114 19:01:55.185" endtime="20260114 19:01:55.185"/>
</kw>
<kw name="Create Dictionary" library="BuiltIn">
<var>${prefs}</var>
<arg>credentials_enable_service=${False}</arg>
<arg>profile.password_manager_enabled=${False}</arg>
<doc>Creates and returns a dictionary based on the given ``items``.</doc>
<msg timestamp="20260114 19:01:55.185" level="INFO">${prefs} = {'credentials_enable_service': False, 'profile.password_manager_enabled': False}</msg>
<status status="PASS" starttime="20260114 19:01:55.185" endtime="20260114 19:01:55.185"/>
</kw>
<kw name="Call Method" library="BuiltIn">
<arg>${options}</arg>
<arg>add_experimental_option</arg>
<arg>prefs</arg>
<arg>${prefs}</arg>
<doc>Calls the named method of the given object with the provided arguments.</doc>
<status status="PASS" starttime="20260114 19:01:55.185" endtime="20260114 19:01:55.185"/>
</kw>
<kw name="Call Method" library="BuiltIn">
<arg>${options}</arg>
<arg>add_argument</arg>
<arg>--disable-notifications</arg>
<doc>Calls the named method of the given object with the provided arguments.</doc>
<status status="PASS" starttime="20260114 19:01:55.185" endtime="20260114 19:01:55.185"/>
</kw>
<kw name="Call Method" library="BuiltIn">
<arg>${options}</arg>
<arg>add_argument</arg>
<arg>--disable-infobars</arg>
<doc>Calls the named method of the given object with the provided arguments.</doc>
<status status="PASS" starttime="20260114 19:01:55.185" endtime="20260114 19:01:55.185"/>
</kw>
<kw name="Call Method" library="BuiltIn">
<arg>${options}</arg>
<arg>add_argument</arg>
<arg>--incognito</arg>
<doc>Calls the named method of the given object with the provided arguments.</doc>
<status status="PASS" starttime="20260114 19:01:55.185" endtime="20260114 19:01:55.185"/>
</kw>
<kw name="Open Browser" library="SeleniumLibrary">
<arg>${URL}</arg>
<arg>Chrome</arg>
<arg>options=${options}</arg>
<doc>Opens a new browser instance to the optional ``url``.</doc>
<msg timestamp="20260114 19:01:55.185" level="INFO">Opening browser 'Chrome' to base url 'https://www.saucedemo.com/'.</msg>
<status status="PASS" starttime="20260114 19:01:55.185" endtime="20260114 19:01:57.807"/>
</kw>
<kw name="Maximize Browser Window" library="SeleniumLibrary">
<doc>Maximizes current browser window.</doc>
<status status="PASS" starttime="20260114 19:01:57.807" endtime="20260114 19:01:57.844"/>
</kw>
<kw name="Set Selenium Speed" library="SeleniumLibrary">
<arg>0.3s</arg>
<doc>Sets the delay that is waited after each Selenium command.</doc>
<status status="PASS" starttime="20260114 19:01:57.844" endtime="20260114 19:01:57.844"/>
</kw>
<status status="PASS" starttime="20260114 19:01:55.185" endtime="20260114 19:01:57.844"/>
</kw>
<kw name="Login With Standard User" library="keywords">
<kw name="Input Text" library="SeleniumLibrary">
<arg>${LOGIN_USER}</arg>
<arg>${USERNAME}</arg>
<doc>Types the given ``text`` into the text field identified by ``locator``.</doc>
<msg timestamp="20260114 19:01:57.844" level="INFO">Typing text 'standard_user' into text field 'id:user-name'.</msg>
<status status="PASS" starttime="20260114 19:01:57.844" endtime="20260114 19:01:58.939"/>
</kw>
<kw name="Input Text" library="SeleniumLibrary">
<arg>${LOGIN_PASSWORD}</arg>
<arg>${PASSWORD}</arg>
<doc>Types the given ``text`` into the text field identified by ``locator``.</doc>
<msg timestamp="20260114 19:01:58.939" level="INFO">Typing text 'secret_sauce' into text field 'id:password'.</msg>
<status status="PASS" starttime="20260114 19:01:58.939" endtime="20260114 19:01:59.990"/>
</kw>
<kw name="Click Button" library="SeleniumLibrary">
<arg>${LOGIN_BUTTON}</arg>
<doc>Clicks the button identified by ``locator``.</doc>
<msg timestamp="20260114 19:01:59.990" level="INFO">Clicking button 'id:login-button'.</msg>
<status status="PASS" starttime="20260114 19:01:59.990" endtime="20260114 19:02:01.100"/>
</kw>
<kw name="Wait Until Page Contains" library="SeleniumLibrary">
<arg>${PRODUCTS_PAGE_TEXT}</arg>
<doc>Waits until ``text`` appears on the current page.</doc>
<status status="PASS" starttime="20260114 19:02:01.100" endtime="20260114 19:02:01.418"/>
</kw>
<status status="PASS" starttime="20260114 19:01:57.844" endtime="20260114 19:02:01.418"/>
</kw>
<kw name="Add Product To Cart" library="keywords">
<kw name="Click Button" library="SeleniumLibrary">
<arg>${ADD_TO_CART_BACKPACK}</arg>
<doc>Clicks the button identified by ``locator``.</doc>
<msg timestamp="20260114 19:02:01.418" level="INFO">Clicking button 'id:add-to-cart-sauce-labs-backpack'.</msg>
<status status="PASS" starttime="20260114 19:02:01.418" endtime="20260114 19:02:03.123"/>
</kw>
<kw name="Element Should Be Visible" library="SeleniumLibrary">
<arg>${SHOPPING_CART_BADGE}</arg>
<doc>Verifies that the element identified by ``locator`` is visible.</doc>
<msg timestamp="20260114 19:02:03.780" level="INFO">Element 'css:.shopping_cart_badge' is displayed.</msg>
<status status="PASS" starttime="20260114 19:02:03.123" endtime="20260114 19:02:03.780"/>
</kw>
<status status="PASS" starttime="20260114 19:02:01.418" endtime="20260114 19:02:03.780"/>
</kw>
<kw name="Reset App State" library="keywords">
<kw name="Click Burger Menu Option" library="keywords">
<arg>${MENU_RESET_APP_STATE}</arg>
<kw name="Open Burger Menu" library="keywords">
<kw name="Close Burger Menu If Open" library="keywords">
<kw name="Run Keyword And Return Status" library="BuiltIn">
<var>${is_visible}</var>
<arg>Element Should Be Visible</arg>
<arg>${BURGER_MENU_CLOSE_BTN}</arg>
<doc>Runs the given keyword with given arguments and returns the status as a Boolean value.</doc>
<kw name="Element Should Be Visible" library="SeleniumLibrary">
<arg>${BURGER_MENU_CLOSE_BTN}</arg>
<doc>Verifies that the element identified by ``locator`` is visible.</doc>
<msg timestamp="20260114 19:02:04.889" level="INFO" html="true">&lt;/td&gt;&lt;/tr&gt;&lt;tr&gt;&lt;td colspan="3"&gt;&lt;a href="selenium-screenshot-19.png"&gt;&lt;img src="selenium-screenshot-19.png" width="800px"&gt;&lt;/a&gt;</msg>
<msg timestamp="20260114 19:02:04.889" level="FAIL">The element 'id:react-burger-cross-btn' should be visible, but it is not.</msg>
<status status="FAIL" starttime="20260114 19:02:03.780" endtime="20260114 19:02:04.889"/>
</kw>
<msg timestamp="20260114 19:02:04.889" level="INFO">${is_visible} = False</msg>
<status status="PASS" starttime="20260114 19:02:03.780" endtime="20260114 19:02:04.889"/>
</kw>
<kw name="Run Keyword If" library="BuiltIn">
<arg>${is_visible}</arg>
<arg>Click Element</arg>
<arg>${BURGER_MENU_CLOSE_BTN}</arg>
<doc>Runs the given keyword with the given arguments, if ``condition`` is true.</doc>
<status status="PASS" starttime="20260114 19:02:04.889" endtime="20260114 19:02:04.889"/>
</kw>
<status status="PASS" starttime="20260114 19:02:03.780" endtime="20260114 19:02:04.889"/>
</kw>
<kw name="Wait Until Element Is Visible" library="SeleniumLibrary">
<arg>${BURGER_MENU_BTN}</arg>
<arg>timeout=5s</arg>
<doc>Waits until the element ``locator`` is visible.</doc>
<status status="PASS" starttime="20260114 19:02:04.889" endtime="20260114 19:02:05.540"/>
</kw>
<kw name="Wait Until Element Is Enabled" library="SeleniumLibrary">
<arg>${BURGER_MENU_BTN}</arg>
<arg>timeout=5s</arg>
<doc>Waits until the element ``locator`` is enabled.</doc>
<status status="PASS" starttime="20260114 19:02:05.540" endtime="20260114 19:02:06.458"/>
</kw>
<kw name="Sleep" library="BuiltIn">
<arg>0.3s</arg>
<doc>Pauses the test executed for the given time.</doc>
<msg timestamp="20260114 19:02:06.773" level="INFO">Slept 300 milliseconds</msg>
<status status="PASS" starttime="20260114 19:02:06.458" endtime="20260114 19:02:06.773"/>
</kw>
<kw name="Click Element" library="SeleniumLibrary">
<arg>${BURGER_MENU_BTN}</arg>
<doc>Click the element identified by ``locator``.</doc>
<msg timestamp="20260114 19:02:06.774" level="INFO">Clicking element 'id:react-burger-menu-btn'.</msg>
<status status="PASS" starttime="20260114 19:02:06.773" endtime="20260114 19:02:07.508"/>
</kw>
<status status="PASS" starttime="20260114 19:02:03.780" endtime="20260114 19:02:07.508"/>
</kw>
<kw name="Click Element" library="SeleniumLibrary">
<arg>${option}</arg>
<doc>Click the element identified by ``locator``.</doc>
<msg timestamp="20260114 19:02:07.508" level="INFO">Clicking element 'id:reset_sidebar_link'.</msg>
<status status="PASS" starttime="20260114 19:02:07.508" endtime="20260114 19:02:08.240"/>
</kw>
<status status="PASS" starttime="20260114 19:02:03.780" endtime="20260114 19:02:08.240"/>
</kw>
<status status="PASS" starttime="20260114 19:02:03.780" endtime="20260114 19:02:08.240"/>
</kw>
<kw name="Verify Cart Is Empty" library="keywords">
<doc>Réinitialise l'état de l'application et vérifie que le panier est vide et que tous les produits sont remis à "Add to cart".</doc>
<kw name="Open Burger Menu" library="keywords">
<kw name="Close Burger Menu If Open" library="keywords">
<kw name="Run Keyword And Return Status" library="BuiltIn">
<var>${is_visible}</var>
<arg>Element Should Be Visible</arg>
<arg>${BURGER_MENU_CLOSE_BTN}</arg>
<doc>Runs the given keyword with given arguments and returns the status as a Boolean value.</doc>
<kw name="Element Should Be Visible" library="SeleniumLibrary">
<arg>${BURGER_MENU_CLOSE_BTN}</arg>
<doc>Verifies that the element identified by ``locator`` is visible.</doc>
<msg timestamp="20260114 19:02:08.856" level="INFO">Element 'id:react-burger-cross-btn' is displayed.</msg>
<status status="PASS" starttime="20260114 19:02:08.240" endtime="20260114 19:02:08.856"/>
</kw>
<msg timestamp="20260114 19:02:08.856" level="INFO">${is_visible} = True</msg>
<status status="PASS" starttime="20260114 19:02:08.240" endtime="20260114 19:02:08.856"/>
</kw>
<kw name="Run Keyword If" library="BuiltIn">
<arg>${is_visible}</arg>
<arg>Click Element</arg>
<arg>${BURGER_MENU_CLOSE_BTN}</arg>
<doc>Runs the given keyword with the given arguments, if ``condition`` is true.</doc>
<kw name="Click Element" library="SeleniumLibrary">
<arg>${BURGER_MENU_CLOSE_BTN}</arg>
<doc>Click the element identified by ``locator``.</doc>
<msg timestamp="20260114 19:02:08.856" level="INFO">Clicking element 'id:react-burger-cross-btn'.</msg>
<status status="PASS" starttime="20260114 19:02:08.856" endtime="20260114 19:02:09.540"/>
</kw>
<status status="PASS" starttime="20260114 19:02:08.856" endtime="20260114 19:02:09.540"/>
</kw>
<status status="PASS" starttime="20260114 19:02:08.240" endtime="20260114 19:02:09.540"/>
</kw>
<kw name="Wait Until Element Is Visible" library="SeleniumLibrary">
<arg>${BURGER_MENU_BTN}</arg>
<arg>timeout=5s</arg>
<doc>Waits until the element ``locator`` is visible.</doc>
<status status="PASS" starttime="20260114 19:02:09.541" endtime="20260114 19:02:10.180"/>
</kw>
<kw name="Wait Until Element Is Enabled" library="SeleniumLibrary">
<arg>${BURGER_MENU_BTN}</arg>
<arg>timeout=5s</arg>
<doc>Waits until the element ``locator`` is enabled.</doc>
<status status="PASS" starttime="20260114 19:02:10.180" endtime="20260114 19:02:11.133"/>
</kw>
<kw name="Sleep" library="BuiltIn">
<arg>0.3s</arg>
<doc>Pauses the test executed for the given time.</doc>
<msg timestamp="20260114 19:02:11.445" level="INFO">Slept 300 milliseconds</msg>
<status status="PASS" starttime="20260114 19:02:11.133" endtime="20260114 19:02:11.445"/>
</kw>
<kw name="Click Element" library="SeleniumLibrary">
<arg>${BURGER_MENU_BTN}</arg>
<doc>Click the element identified by ``locator``.</doc>
<msg timestamp="20260114 19:02:11.445" level="INFO">Clicking element 'id:react-burger-menu-btn'.</msg>
<status status="PASS" starttime="20260114 19:02:11.445" endtime="20260114 19:02:12.122"/>
</kw>
<status status="PASS" starttime="20260114 19:02:08.240" endtime="20260114 19:02:12.122"/>
</kw>
<kw name="Click Element" library="SeleniumLibrary">
<arg>${MENU_RESET_APP_STATE}</arg>
<doc>Click the element identified by ``locator``.</doc>
<msg timestamp="20260114 19:02:12.124" level="INFO">Clicking element 'id:reset_sidebar_link'.</msg>
<status status="PASS" starttime="20260114 19:02:12.122" endtime="20260114 19:02:12.790"/>
</kw>
<kw name="Close Burger Menu" library="keywords">
<doc>Ferme le menu burger en cliquant sur le bouton X et attend que le menu disparaisse.</doc>
<kw name="Wait Until Element Is Visible" library="SeleniumLibrary">
<arg>${BURGER_MENU_CLOSE_BTN}</arg>
<arg>5s</arg>
<doc>Waits until the element ``locator`` is visible.</doc>
<status status="PASS" starttime="20260114 19:02:12.790" endtime="20260114 19:02:13.414"/>
</kw>
<kw name="Click Element" library="SeleniumLibrary">
<arg>${BURGER_MENU_CLOSE_BTN}</arg>
<doc>Click the element identified by ``locator``.</doc>
<msg timestamp="20260114 19:02:13.414" level="INFO">Clicking element 'id:react-burger-cross-btn'.</msg>
<status status="PASS" starttime="20260114 19:02:13.414" endtime="20260114 19:02:14.092"/>
</kw>
<kw name="Wait Until Element Is Not Visible" library="SeleniumLibrary">
<arg>${BURGER_MENU_CLOSE_BTN}</arg>
<arg>5s</arg>
<doc>Waits until the element ``locator`` is not visible.</doc>
<status status="PASS" starttime="20260114 19:02:14.092" endtime="20260114 19:02:14.732"/>
</kw>
<status status="PASS" starttime="20260114 19:02:12.790" endtime="20260114 19:02:14.732"/>
</kw>
<kw name="Wait Until Element Is Not Visible" library="SeleniumLibrary">
<arg>${SHOPPING_CART_BADGE}</arg>
<arg>5s</arg>
<doc>Waits until the element ``locator`` is not visible.</doc>
<status status="PASS" starttime="20260114 19:02:14.732" endtime="20260114 19:02:15.044"/>
</kw>
<kw name="Get WebElements" library="SeleniumLibrary">
<var>@{buttons}</var>
<arg>css:button.btn_inventory</arg>
<doc>Returns a list of WebElement objects matching the ``locator``.</doc>
<msg timestamp="20260114 19:02:15.373" level="INFO">@{buttons} = [ &lt;selenium.webdriver.remote.webelement.WebElement (session="ffe31087a466911e7f8c9f70f8996c32", element="f.25B5A317E2BB67F7C2C8773AC57F0BBB.d.F6B4DBF7AE4677016D33BC8321FAD1E4.e.38")&gt; | &lt;selenium.webdr...</msg>
<status status="PASS" starttime="20260114 19:02:15.044" endtime="20260114 19:02:15.373"/>
</kw>
<for flavor="IN">
<var>${btn}</var>
<value>@{buttons}</value>
<iter>
<var name="${btn}">&lt;selenium.webdriver.remote.webelement.WebElement (session="ffe31087a466911e7f8c9f70f8996c32", element="f.25B5A317E2BB67F7C2C8773AC57F0BBB.d.F6B4DBF7AE4677016D33BC8321FAD1E4.e.38")&gt;</var>
<kw name="Get Text" library="SeleniumLibrary">
<var>${text}</var>
<arg>${btn}</arg>
<doc>Returns the text value of the element identified by ``locator``.</doc>
<msg timestamp="20260114 19:02:15.747" level="INFO">${text} = Remove</msg>
<status status="PASS" starttime="20260114 19:02:15.373" endtime="20260114 19:02:15.747"/>
</kw>
<kw name="Should Be Equal" library="BuiltIn">
<arg>${text}</arg>
<arg>Add to cart</arg>
<doc>Fails if the given objects are unequal.</doc>
<msg timestamp="20260114 19:02:15.747" level="FAIL">Remove != Add to cart</msg>
<status status="FAIL" starttime="20260114 19:02:15.747" endtime="20260114 19:02:15.747"/>
</kw>
<status status="FAIL" starttime="20260114 19:02:15.373" endtime="20260114 19:02:15.747"/>
</iter>
<status status="FAIL" starttime="20260114 19:02:15.373" endtime="20260114 19:02:15.747"/>
</for>
<kw name="Element Should Not Be Visible" library="SeleniumLibrary">
<arg>${SHOPPING_CART_BADGE}</arg>
<doc>Verifies that the element identified by ``locator`` is NOT visible.</doc>
<status status="NOT RUN" starttime="20260114 19:02:15.747" endtime="20260114 19:02:15.747"/>
</kw>
<status status="FAIL" starttime="20260114 19:02:08.240" endtime="20260114 19:02:15.747"/>
</kw>
<kw name="Run Keyword If Test Failed" library="BuiltIn" type="TEARDOWN">
<arg>Capture Page Screenshot</arg>
<doc>Runs the given keyword with the given arguments, if the test failed.</doc>
<kw name="Capture Page Screenshot" library="SeleniumLibrary">
<doc>Takes a screenshot of the current page and embeds it into a log file.</doc>
<msg timestamp="20260114 19:02:16.223" level="INFO" html="true">&lt;/td&gt;&lt;/tr&gt;&lt;tr&gt;&lt;td colspan="3"&gt;&lt;a href="selenium-screenshot-20.png"&gt;&lt;img src="selenium-screenshot-20.png" width="800px"&gt;&lt;/a&gt;</msg>
<status status="PASS" starttime="20260114 19:02:15.747" endtime="20260114 19:02:16.223"/>
</kw>
<status status="PASS" starttime="20260114 19:02:15.747" endtime="20260114 19:02:16.223"/>
</kw>
<doc>Vérifie que l'utilisateur peut réinitialiser l'état de l'application et vider le panier</doc>
<status status="FAIL" starttime="20260114 19:01:55.185" endtime="20260114 19:02:16.223">Remove != Add to cart</status>
</test>
<kw name="Close Browser" library="SeleniumLibrary" type="TEARDOWN">
<doc>Closes the current browser.</doc>
<status status="PASS" starttime="20260114 19:02:16.223" endtime="20260114 19:02:18.725"/>
</kw>
<status status="FAIL" starttime="20260114 19:01:54.882" endtime="20260114 19:02:18.725"/>
</suite>
<statistics>
<total>
<stat pass="0" fail="1" skip="0">All Tests</stat>
</total>
<tag>
</tag>
<suite>
<stat pass="0" fail="1" skip="0" id="s1" name="Test Reset App">Test Reset App</stat>
</suite>
</statistics>
<errors>
</errors>
</robot>
