<?xml version="1.0" encoding="UTF-8"?>
<robot generator="Robot 6.1.1 (Python 3.10.0 on win32)" generated="20260114 20:27:18.173" rpa="false" schemaversion="4">
<suite id="s1" name="Tests" source="C:\robot_framework_project\tests">
<suite id="s1-s1" name="Test About" source="C:\robot_framework_project\tests\test_about.robot">
<test id="s1-s1-t1" name="User Can Open About Page" line="8">
<kw name="Open Application Browser" library="keywords">
<kw name="Load Config" library="keywords">
<var>${config}</var>
<if>
<branch type="IF" condition="$CONFIG_CACHE == {}">
<kw name="Get File" library="OperatingSystem">
<var>${config_content}</var>
<arg>${CONFIG_FILE}</arg>
<doc>Returns the contents of a specified file.</doc>
<msg timestamp="20260114 20:27:18.771" level="INFO" html="true">Getting file '&lt;a href="file://C:\robot_framework_project\data\config.json"&gt;C:\robot_framework_project\data\config.json&lt;/a&gt;'.</msg>
<msg timestamp="20260114 20:27:18.771" level="INFO">${config_content} = {
  "URL": "https://www.saucedemo.com",
  "BROWSER": "chrome",
  "USERNAME": "standard_user",
  "PASSWORD": "secret_sauce"
}
</msg>
<status status="PASS" starttime="20260114 20:27:18.770" endtime="20260114 20:27:18.771"/>
</kw>
<kw name="Evaluate" library="BuiltIn">
<var>${config}</var>
<arg>json.loads('''${config_content}''')</arg>
<arg>json</arg>
<doc>Evaluates the given expression in Python and returns the result.</doc>
<msg timestamp="20260114 20:27:18.773" level="INFO">${config} = {'URL': 'https://www.saucedemo.com', 'BROWSER': 'chrome', 'USERNAME': 'standard_user', 'PASSWORD': 'secret_sauce'}</msg>
<status status="PASS" starttime="20260114 20:27:18.771" endtime="20260114 20:27:18.773"/>
</kw>
<kw name="Set Suite Variable" library="BuiltIn">
<arg>&amp;{CONFIG_CACHE}</arg>
<arg>&amp;{config}</arg>
<doc>Makes a variable available everywhere within the scope of the current suite.</doc>
<msg timestamp="20260114 20:27:18.775" level="INFO">&amp;{CONFIG_CACHE} = { URL=https://www.saucedemo.com | BROWSER=chrome | USERNAME=standard_user | PASSWORD=secret_sauce }</msg>
<status status="PASS" starttime="20260114 20:27:18.774" endtime="20260114 20:27:18.775"/>
</kw>
<status status="PASS" starttime="20260114 20:27:18.770" endtime="20260114 20:27:18.775"/>
</branch>
<status status="PASS" starttime="20260114 20:27:18.770" endtime="20260114 20:27:18.775"/>
</if>
<return>
<value>${CONFIG_CACHE}</value>
<status status="PASS" starttime="20260114 20:27:18.775" endtime="20260114 20:27:18.775"/>
</return>
<msg timestamp="20260114 20:27:18.775" level="INFO">${config} = {'URL': 'https://www.saucedemo.com', 'BROWSER': 'chrome', 'USERNAME': 'standard_user', 'PASSWORD': 'secret_sauce'}</msg>
<status status="PASS" starttime="20260114 20:27:18.770" endtime="20260114 20:27:18.775"/>
</kw>
<kw name="Evaluate" library="BuiltIn">
<var>${options}</var>
<arg>sys.modules['selenium.webdriver'].ChromeOptions()</arg>
<arg>sys</arg>
<doc>Evaluates the given expression in Python and returns the result.</doc>
<msg timestamp="20260114 20:27:18.777" level="INFO">${options} = &lt;selenium.webdriver.chrome.options.Options object at 0x000001DDA856FF70&gt;</msg>
<status status="PASS" starttime="20260114 20:27:18.776" endtime="20260114 20:27:18.777"/>
</kw>
<kw name="Create Dictionary" library="BuiltIn">
<var>${prefs}</var>
<arg>credentials_enable_service=${False}</arg>
<arg>profile.password_manager_enabled=${False}</arg>
<doc>Creates and returns a dictionary based on the given ``items``.</doc>
<msg timestamp="20260114 20:27:18.777" level="INFO">${prefs} = {'credentials_enable_service': False, 'profile.password_manager_enabled': False}</msg>
<status status="PASS" starttime="20260114 20:27:18.777" endtime="20260114 20:27:18.777"/>
</kw>
<kw name="Call Method" library="BuiltIn">
<arg>${options}</arg>
<arg>add_experimental_option</arg>
<arg>prefs</arg>
<arg>${prefs}</arg>
<doc>Calls the named method of the given object with the provided arguments.</doc>
<status status="PASS" starttime="20260114 20:27:18.777" endtime="20260114 20:27:18.778"/>
</kw>
<kw name="Call Method" library="BuiltIn">
<arg>${options}</arg>
<arg>add_argument</arg>
<arg>--disable-notifications</arg>
<doc>Calls the named method of the given object with the provided arguments.</doc>
<status status="PASS" starttime="20260114 20:27:18.778" endtime="20260114 20:27:18.778"/>
</kw>
<kw name="Call Method" library="BuiltIn">
<arg>${options}</arg>
<arg>add_argument</arg>
<arg>--disable-infobars</arg>
<doc>Calls the named method of the given object with the provided arguments.</doc>
<status status="PASS" starttime="20260114 20:27:18.778" endtime="20260114 20:27:18.778"/>
</kw>
<kw name="Call Method" library="BuiltIn">
<arg>${options}</arg>
<arg>add_argument</arg>
<arg>--incognito</arg>
<doc>Calls the named method of the given object with the provided arguments.</doc>
<status status="PASS" starttime="20260114 20:27:18.779" endtime="20260114 20:27:18.779"/>
</kw>
<kw name="Open Browser" library="SeleniumLibrary">
<arg>${config}[URL]</arg>
<arg>Chrome</arg>
<arg>options=${options}</arg>
<doc>Opens a new browser instance to the optional ``url``.</doc>
<msg timestamp="20260114 20:27:18.781" level="INFO">Opening browser 'Chrome' to base url 'https://www.saucedemo.com'.</msg>
<status status="PASS" starttime="20260114 20:27:18.779" endtime="20260114 20:27:23.908"/>
</kw>
<kw name="Maximize Browser Window" library="SeleniumLibrary">
<doc>Maximizes current browser window.</doc>
<status status="PASS" starttime="20260114 20:27:23.909" endtime="20260114 20:27:23.945"/>
</kw>
<kw name="Set Selenium Speed" library="SeleniumLibrary">
<arg>0.3s</arg>
<doc>Sets the delay that is waited after each Selenium command.</doc>
<status status="PASS" starttime="20260114 20:27:23.945" endtime="20260114 20:27:23.945"/>
</kw>
<status status="PASS" starttime="20260114 20:27:18.769" endtime="20260114 20:27:23.945"/>
</kw>
<kw name="Login With Standard User" library="keywords">
<kw name="Load Config" library="keywords">
<var>${config}</var>
<if>
<branch type="IF" condition="$CONFIG_CACHE == {}">
<kw name="Get File" library="OperatingSystem">
<var>${config_content}</var>
<arg>${CONFIG_FILE}</arg>
<doc>Returns the contents of a specified file.</doc>
<status status="NOT RUN" starttime="20260114 20:27:23.945" endtime="20260114 20:27:23.945"/>
</kw>
<kw name="Evaluate" library="BuiltIn">
<var>${config}</var>
<arg>json.loads('''${config_content}''')</arg>
<arg>json</arg>
<doc>Evaluates the given expression in Python and returns the result.</doc>
<status status="NOT RUN" starttime="20260114 20:27:23.945" endtime="20260114 20:27:23.945"/>
</kw>
<kw name="Set Suite Variable" library="BuiltIn">
<arg>&amp;{CONFIG_CACHE}</arg>
<arg>&amp;{config}</arg>
<doc>Makes a variable available everywhere within the scope of the current suite.</doc>
<status status="NOT RUN" starttime="20260114 20:27:23.945" endtime="20260114 20:27:23.945"/>
</kw>
<status status="NOT RUN" starttime="20260114 20:27:23.945" endtime="20260114 20:27:23.945"/>
</branch>
<status status="PASS" starttime="20260114 20:27:23.945" endtime="20260114 20:27:23.945"/>
</if>
<return>
<value>${CONFIG_CACHE}</value>
<status status="PASS" starttime="20260114 20:27:23.945" endtime="20260114 20:27:23.945"/>
</return>
<msg timestamp="20260114 20:27:23.945" level="INFO">${config} = {'URL': 'https://www.saucedemo.com', 'BROWSER': 'chrome', 'USERNAME': 'standard_user', 'PASSWORD': 'secret_sauce'}</msg>
<status status="PASS" starttime="20260114 20:27:23.945" endtime="20260114 20:27:23.945"/>
</kw>
<kw name="Get Locator" library="keywords">
<var>${username_strategy}</var>
<var>${username_value}</var>
<arg>LOGIN_USER</arg>
<kw name="Load Locators" library="keywords">
<var>${locators}</var>
<if>
<branch type="IF" condition="$LOCATORS_CACHE == {}">
<kw name="Get File" library="OperatingSystem">
<var>${locators_content}</var>
<arg>${LOCATORS_FILE}</arg>
<doc>Returns the contents of a specified file.</doc>
<msg timestamp="20260114 20:27:23.945" level="INFO" html="true">Getting file '&lt;a href="file://C:\robot_framework_project\data\locators.json"&gt;C:\robot_framework_project\data\locators.json&lt;/a&gt;'.</msg>
<msg timestamp="20260114 20:27:23.945" level="INFO">${locators_content} = {
  "LOGIN_USER": "id:user-name",
  "LOGIN_PASSWORD": "id:password",
  "LOGIN_BUTTON": "id:login-button",

  "BURGER_MENU_BTN": "id:react-burger-menu-btn",
  "BURGER_MENU_CLOSE_BTN": "id:react-burger-...</msg>
<status status="PASS" starttime="20260114 20:27:23.945" endtime="20260114 20:27:23.945"/>
</kw>
<kw name="Evaluate" library="BuiltIn">
<var>${locators}</var>
<arg>json.loads('''${locators_content}''')</arg>
<arg>json</arg>
<doc>Evaluates the given expression in Python and returns the result.</doc>
<msg timestamp="20260114 20:27:23.959" level="INFO">${locators} = {'LOGIN_USER': 'id:user-name', 'LOGIN_PASSWORD': 'id:password', 'LOGIN_BUTTON': 'id:login-button', 'BURGER_MENU_BTN': 'id:react-burger-menu-btn', 'BURGER_MENU_CLOSE_BTN': 'id:react-burger-cross-btn', ...</msg>
<status status="PASS" starttime="20260114 20:27:23.945" endtime="20260114 20:27:23.959"/>
</kw>
<kw name="Set Suite Variable" library="BuiltIn">
<arg>&amp;{LOCATORS_CACHE}</arg>
<arg>&amp;{locators}</arg>
<doc>Makes a variable available everywhere within the scope of the current suite.</doc>
<msg timestamp="20260114 20:27:23.961" level="INFO">&amp;{LOCATORS_CACHE} = { LOGIN_USER=id:user-name | LOGIN_PASSWORD=id:password | LOGIN_BUTTON=id:login-button | BURGER_MENU_BTN=id:react-burger-menu-btn | BURGER_MENU_CLOSE_BTN=id:react-burger-cross-btn | MENU_ALL_ITEMS=id:i...</msg>
<status status="PASS" starttime="20260114 20:27:23.959" endtime="20260114 20:27:23.961"/>
</kw>
<status status="PASS" starttime="20260114 20:27:23.945" endtime="20260114 20:27:23.961"/>
</branch>
<status status="PASS" starttime="20260114 20:27:23.945" endtime="20260114 20:27:23.961"/>
</if>
<return>
<value>${LOCATORS_CACHE}</value>
<status status="PASS" starttime="20260114 20:27:23.961" endtime="20260114 20:27:23.961"/>
</return>
<msg timestamp="20260114 20:27:23.962" level="INFO">${locators} = {'LOGIN_USER': 'id:user-name', 'LOGIN_PASSWORD': 'id:password', 'LOGIN_BUTTON': 'id:login-button', 'BURGER_MENU_BTN': 'id:react-burger-menu-btn', 'BURGER_MENU_CLOSE_BTN': 'id:react-burger-cross-btn', ...</msg>
<status status="PASS" starttime="20260114 20:27:23.945" endtime="20260114 20:27:23.962"/>
</kw>
<kw name="Set Variable" library="BuiltIn">
<var>${locator}</var>
<arg>${locators}[${key}]</arg>
<doc>Returns the given values which can then be assigned to a variables.</doc>
<msg timestamp="20260114 20:27:23.963" level="INFO">${locator} = id:user-name</msg>
<status status="PASS" starttime="20260114 20:27:23.962" endtime="20260114 20:27:23.963"/>
</kw>
<kw name="Evaluate" library="BuiltIn">
<var>${colon_index}</var>
<arg>'''${locator}'''.find(':')</arg>
<doc>Evaluates the given expression in Python and returns the result.</doc>
<msg timestamp="20260114 20:27:23.964" level="INFO">${colon_index} = 2</msg>
<status status="PASS" starttime="20260114 20:27:23.963" endtime="20260114 20:27:23.964"/>
</kw>
<if>
<branch type="IF" condition="${colon_index} &gt;= 0">
<kw name="Evaluate" library="BuiltIn">
<var>${strategy}</var>
<arg>'''${locator}'''[:${colon_index}]</arg>
<doc>Evaluates the given expression in Python and returns the result.</doc>
<msg timestamp="20260114 20:27:23.964" level="INFO">${strategy} = id</msg>
<status status="PASS" starttime="20260114 20:27:23.964" endtime="20260114 20:27:23.965"/>
</kw>
<kw name="Evaluate" library="BuiltIn">
<var>${value}</var>
<arg>'''${locator}'''[${colon_index + 1}:]</arg>
<doc>Evaluates the given expression in Python and returns the result.</doc>
<msg timestamp="20260114 20:27:23.966" level="INFO">${value} = user-name</msg>
<status status="PASS" starttime="20260114 20:27:23.965" endtime="20260114 20:27:23.966"/>
</kw>
<return>
<value>${strategy}</value>
<value>${value}</value>
<status status="PASS" starttime="20260114 20:27:23.967" endtime="20260114 20:27:23.967"/>
</return>
<status status="PASS" starttime="20260114 20:27:23.964" endtime="20260114 20:27:23.967"/>
</branch>
<branch type="ELSE">
<return>
<value>${EMPTY}</value>
<value>${locator}</value>
<status status="NOT RUN" starttime="20260114 20:27:23.967" endtime="20260114 20:27:23.967"/>
</return>
<status status="NOT RUN" starttime="20260114 20:27:23.967" endtime="20260114 20:27:23.967"/>
</branch>
<status status="PASS" starttime="20260114 20:27:23.964" endtime="20260114 20:27:23.967"/>
</if>
<msg timestamp="20260114 20:27:23.967" level="INFO">${username_strategy} = id</msg>
<msg timestamp="20260114 20:27:23.967" level="INFO">${username_value} = user-name</msg>
<status status="PASS" starttime="20260114 20:27:23.945" endtime="20260114 20:27:23.968"/>
</kw>
<kw name="Get Locator" library="keywords">
<var>${password_strategy}</var>
<var>${password_value}</var>
<arg>LOGIN_PASSWORD</arg>
<kw name="Load Locators" library="keywords">
<var>${locators}</var>
<if>
<branch type="IF" condition="$LOCATORS_CACHE == {}">
<kw name="Get File" library="OperatingSystem">
<var>${locators_content}</var>
<arg>${LOCATORS_FILE}</arg>
<doc>Returns the contents of a specified file.</doc>
<status status="NOT RUN" starttime="20260114 20:27:23.969" endtime="20260114 20:27:23.970"/>
</kw>
<kw name="Evaluate" library="BuiltIn">
<var>${locators}</var>
<arg>json.loads('''${locators_content}''')</arg>
<arg>json</arg>
<doc>Evaluates the given expression in Python and returns the result.</doc>
<status status="NOT RUN" starttime="20260114 20:27:23.970" endtime="20260114 20:27:23.971"/>
</kw>
<kw name="Set Suite Variable" library="BuiltIn">
<arg>&amp;{LOCATORS_CACHE}</arg>
<arg>&amp;{locators}</arg>
<doc>Makes a variable available everywhere within the scope of the current suite.</doc>
<status status="NOT RUN" starttime="20260114 20:27:23.971" endtime="20260114 20:27:23.971"/>
</kw>
<status status="NOT RUN" starttime="20260114 20:27:23.969" endtime="20260114 20:27:23.971"/>
</branch>
<status status="PASS" starttime="20260114 20:27:23.968" endtime="20260114 20:27:23.971"/>
</if>
<return>
<value>${LOCATORS_CACHE}</value>
<status status="PASS" starttime="20260114 20:27:23.971" endtime="20260114 20:27:23.972"/>
</return>
<msg timestamp="20260114 20:27:23.972" level="INFO">${locators} = {'LOGIN_USER': 'id:user-name', 'LOGIN_PASSWORD': 'id:password', 'LOGIN_BUTTON': 'id:login-button', 'BURGER_MENU_BTN': 'id:react-burger-menu-btn', 'BURGER_MENU_CLOSE_BTN': 'id:react-burger-cross-btn', ...</msg>
<status status="PASS" starttime="20260114 20:27:23.968" endtime="20260114 20:27:23.972"/>
</kw>
<kw name="Set Variable" library="BuiltIn">
<var>${locator}</var>
<arg>${locators}[${key}]</arg>
<doc>Returns the given values which can then be assigned to a variables.</doc>
<msg timestamp="20260114 20:27:23.973" level="INFO">${locator} = id:password</msg>
<status status="PASS" starttime="20260114 20:27:23.972" endtime="20260114 20:27:23.973"/>
</kw>
<kw name="Evaluate" library="BuiltIn">
<var>${colon_index}</var>
<arg>'''${locator}'''.find(':')</arg>
<doc>Evaluates the given expression in Python and returns the result.</doc>
<msg timestamp="20260114 20:27:23.973" level="INFO">${colon_index} = 2</msg>
<status status="PASS" starttime="20260114 20:27:23.973" endtime="20260114 20:27:23.974"/>
</kw>
<if>
<branch type="IF" condition="${colon_index} &gt;= 0">
<kw name="Evaluate" library="BuiltIn">
<var>${strategy}</var>
<arg>'''${locator}'''[:${colon_index}]</arg>
<doc>Evaluates the given expression in Python and returns the result.</doc>
<msg timestamp="20260114 20:27:23.977" level="INFO">${strategy} = id</msg>
<status status="PASS" starttime="20260114 20:27:23.974" endtime="20260114 20:27:23.977"/>
</kw>
<kw name="Evaluate" library="BuiltIn">
<var>${value}</var>
<arg>'''${locator}'''[${colon_index + 1}:]</arg>
<doc>Evaluates the given expression in Python and returns the result.</doc>
<msg timestamp="20260114 20:27:23.982" level="INFO">${value} = password</msg>
<status status="PASS" starttime="20260114 20:27:23.977" endtime="20260114 20:27:23.982"/>
</kw>
<return>
<value>${strategy}</value>
<value>${value}</value>
<status status="PASS" starttime="20260114 20:27:23.982" endtime="20260114 20:27:23.982"/>
</return>
<status status="PASS" starttime="20260114 20:27:23.974" endtime="20260114 20:27:23.982"/>
</branch>
<branch type="ELSE">
<return>
<value>${EMPTY}</value>
<value>${locator}</value>
<status status="NOT RUN" starttime="20260114 20:27:23.983" endtime="20260114 20:27:23.983"/>
</return>
<status status="NOT RUN" starttime="20260114 20:27:23.982" endtime="20260114 20:27:23.983"/>
</branch>
<status status="PASS" starttime="20260114 20:27:23.974" endtime="20260114 20:27:23.983"/>
</if>
<msg timestamp="20260114 20:27:23.983" level="INFO">${password_strategy} = id</msg>
<msg timestamp="20260114 20:27:23.983" level="INFO">${password_value} = password</msg>
<status status="PASS" starttime="20260114 20:27:23.968" endtime="20260114 20:27:23.984"/>
</kw>
<kw name="Get Locator" library="keywords">
<var>${button_strategy}</var>
<var>${button_value}</var>
<arg>LOGIN_BUTTON</arg>
<kw name="Load Locators" library="keywords">
<var>${locators}</var>
<if>
<branch type="IF" condition="$LOCATORS_CACHE == {}">
<kw name="Get File" library="OperatingSystem">
<var>${locators_content}</var>
<arg>${LOCATORS_FILE}</arg>
<doc>Returns the contents of a specified file.</doc>
<status status="NOT RUN" starttime="20260114 20:27:23.985" endtime="20260114 20:27:23.985"/>
</kw>
<kw name="Evaluate" library="BuiltIn">
<var>${locators}</var>
<arg>json.loads('''${locators_content}''')</arg>
<arg>json</arg>
<doc>Evaluates the given expression in Python and returns the result.</doc>
<status status="NOT RUN" starttime="20260114 20:27:23.986" endtime="20260114 20:27:23.986"/>
</kw>
<kw name="Set Suite Variable" library="BuiltIn">
<arg>&amp;{LOCATORS_CACHE}</arg>
<arg>&amp;{locators}</arg>
<doc>Makes a variable available everywhere within the scope of the current suite.</doc>
<status status="NOT RUN" starttime="20260114 20:27:23.986" endtime="20260114 20:27:23.986"/>
</kw>
<status status="NOT RUN" starttime="20260114 20:27:23.985" endtime="20260114 20:27:23.986"/>
</branch>
<status status="PASS" starttime="20260114 20:27:23.985" endtime="20260114 20:27:23.986"/>
</if>
<return>
<value>${LOCATORS_CACHE}</value>
<status status="PASS" starttime="20260114 20:27:23.986" endtime="20260114 20:27:23.986"/>
</return>
<msg timestamp="20260114 20:27:23.986" level="INFO">${locators} = {'LOGIN_USER': 'id:user-name', 'LOGIN_PASSWORD': 'id:password', 'LOGIN_BUTTON': 'id:login-button', 'BURGER_MENU_BTN': 'id:react-burger-menu-btn', 'BURGER_MENU_CLOSE_BTN': 'id:react-burger-cross-btn', ...</msg>
<status status="PASS" starttime="20260114 20:27:23.984" endtime="20260114 20:27:23.986"/>
</kw>
<kw name="Set Variable" library="BuiltIn">
<var>${locator}</var>
<arg>${locators}[${key}]</arg>
<doc>Returns the given values which can then be assigned to a variables.</doc>
<msg timestamp="20260114 20:27:23.986" level="INFO">${locator} = id:login-button</msg>
<status status="PASS" starttime="20260114 20:27:23.986" endtime="20260114 20:27:23.986"/>
</kw>
<kw name="Evaluate" library="BuiltIn">
<var>${colon_index}</var>
<arg>'''${locator}'''.find(':')</arg>
<doc>Evaluates the given expression in Python and returns the result.</doc>
<msg timestamp="20260114 20:27:23.992" level="INFO">${colon_index} = 2</msg>
<status status="PASS" starttime="20260114 20:27:23.986" endtime="20260114 20:27:23.992"/>
</kw>
<if>
<branch type="IF" condition="${colon_index} &gt;= 0">
<kw name="Evaluate" library="BuiltIn">
<var>${strategy}</var>
<arg>'''${locator}'''[:${colon_index}]</arg>
<doc>Evaluates the given expression in Python and returns the result.</doc>
<msg timestamp="20260114 20:27:23.994" level="INFO">${strategy} = id</msg>
<status status="PASS" starttime="20260114 20:27:23.993" endtime="20260114 20:27:23.994"/>
</kw>
<kw name="Evaluate" library="BuiltIn">
<var>${value}</var>
<arg>'''${locator}'''[${colon_index + 1}:]</arg>
<doc>Evaluates the given expression in Python and returns the result.</doc>
<msg timestamp="20260114 20:27:23.994" level="INFO">${value} = login-button</msg>
<status status="PASS" starttime="20260114 20:27:23.994" endtime="20260114 20:27:23.994"/>
</kw>
<return>
<value>${strategy}</value>
<value>${value}</value>
<status status="PASS" starttime="20260114 20:27:23.994" endtime="20260114 20:27:23.994"/>
</return>
<status status="PASS" starttime="20260114 20:27:23.992" endtime="20260114 20:27:23.994"/>
</branch>
<branch type="ELSE">
<return>
<value>${EMPTY}</value>
<value>${locator}</value>
<status status="NOT RUN" starttime="20260114 20:27:23.994" endtime="20260114 20:27:23.994"/>
</return>
<status status="NOT RUN" starttime="20260114 20:27:23.994" endtime="20260114 20:27:23.994"/>
</branch>
<status status="PASS" starttime="20260114 20:27:23.992" endtime="20260114 20:27:23.994"/>
</if>
<msg timestamp="20260114 20:27:23.994" level="INFO">${button_strategy} = id</msg>
<msg timestamp="20260114 20:27:23.994" level="INFO">${button_value} = login-button</msg>
<status status="PASS" starttime="20260114 20:27:23.984" endtime="20260114 20:27:23.994"/>
</kw>
<kw name="Get Locator" library="keywords">
<var>${products_text}</var>
<arg>PRODUCTS_PAGE_TEXT</arg>
<kw name="Load Locators" library="keywords">
<var>${locators}</var>
<if>
<branch type="IF" condition="$LOCATORS_CACHE == {}">
<kw name="Get File" library="OperatingSystem">
<var>${locators_content}</var>
<arg>${LOCATORS_FILE}</arg>
<doc>Returns the contents of a specified file.</doc>
<status status="NOT RUN" starttime="20260114 20:27:23.994" endtime="20260114 20:27:23.994"/>
</kw>
<kw name="Evaluate" library="BuiltIn">
<var>${locators}</var>
<arg>json.loads('''${locators_content}''')</arg>
<arg>json</arg>
<doc>Evaluates the given expression in Python and returns the result.</doc>
<status status="NOT RUN" starttime="20260114 20:27:23.994" endtime="20260114 20:27:23.994"/>
</kw>
<kw name="Set Suite Variable" library="BuiltIn">
<arg>&amp;{LOCATORS_CACHE}</arg>
<arg>&amp;{locators}</arg>
<doc>Makes a variable available everywhere within the scope of the current suite.</doc>
<status status="NOT RUN" starttime="20260114 20:27:23.994" endtime="20260114 20:27:23.994"/>
</kw>
<status status="NOT RUN" starttime="20260114 20:27:23.994" endtime="20260114 20:27:23.994"/>
</branch>
<status status="PASS" starttime="20260114 20:27:23.994" endtime="20260114 20:27:23.994"/>
</if>
<return>
<value>${LOCATORS_CACHE}</value>
<status status="PASS" starttime="20260114 20:27:23.994" endtime="20260114 20:27:23.994"/>
</return>
<msg timestamp="20260114 20:27:23.994" level="INFO">${locators} = {'LOGIN_USER': 'id:user-name', 'LOGIN_PASSWORD': 'id:password', 'LOGIN_BUTTON': 'id:login-button', 'BURGER_MENU_BTN': 'id:react-burger-menu-btn', 'BURGER_MENU_CLOSE_BTN': 'id:react-burger-cross-btn', ...</msg>
<status status="PASS" starttime="20260114 20:27:23.994" endtime="20260114 20:27:23.994"/>
</kw>
<kw name="Set Variable" library="BuiltIn">
<var>${locator}</var>
<arg>${locators}[${key}]</arg>
<doc>Returns the given values which can then be assigned to a variables.</doc>
<msg timestamp="20260114 20:27:23.994" level="INFO">${locator} = Products</msg>
<status status="PASS" starttime="20260114 20:27:23.994" endtime="20260114 20:27:23.994"/>
</kw>
<kw name="Evaluate" library="BuiltIn">
<var>${colon_index}</var>
<arg>'''${locator}'''.find(':')</arg>
<doc>Evaluates the given expression in Python and returns the result.</doc>
<msg timestamp="20260114 20:27:23.994" level="INFO">${colon_index} = -1</msg>
<status status="PASS" starttime="20260114 20:27:23.994" endtime="20260114 20:27:23.994"/>
</kw>
<if>
<branch type="IF" condition="${colon_index} &gt;= 0">
<kw name="Evaluate" library="BuiltIn">
<var>${strategy}</var>
<arg>'''${locator}'''[:${colon_index}]</arg>
<doc>Evaluates the given expression in Python and returns the result.</doc>
<status status="NOT RUN" starttime="20260114 20:27:23.994" endtime="20260114 20:27:23.994"/>
</kw>
<kw name="Evaluate" library="BuiltIn">
<var>${value}</var>
<arg>'''${locator}'''[${colon_index + 1}:]</arg>
<doc>Evaluates the given expression in Python and returns the result.</doc>
<status status="NOT RUN" starttime="20260114 20:27:23.994" endtime="20260114 20:27:23.994"/>
</kw>
<return>
<value>${strategy}</value>
<value>${value}</value>
<status status="NOT RUN" starttime="20260114 20:27:23.994" endtime="20260114 20:27:23.994"/>
</return>
<status status="NOT RUN" starttime="20260114 20:27:23.994" endtime="20260114 20:27:23.994"/>
</branch>
<branch type="ELSE">
<return>
<value>${EMPTY}</value>
<value>${locator}</value>
<status status="PASS" starttime="20260114 20:27:23.994" endtime="20260114 20:27:23.994"/>
</return>
<status status="PASS" starttime="20260114 20:27:23.994" endtime="20260114 20:27:23.994"/>
</branch>
<status status="PASS" starttime="20260114 20:27:23.994" endtime="20260114 20:27:23.994"/>
</if>
<msg timestamp="20260114 20:27:23.994" level="INFO">${products_text} = ['', 'Products']</msg>
<status status="PASS" starttime="20260114 20:27:23.994" endtime="20260114 20:27:23.994"/>
</kw>
<kw name="Input Text" library="SeleniumLibrary">
<arg>${username_strategy}:${username_value}</arg>
<arg>${config}[USERNAME]</arg>
<doc>Types the given ``text`` into the text field identified by ``locator``.</doc>
<msg timestamp="20260114 20:27:23.994" level="INFO">Typing text 'standard_user' into text field 'id:user-name'.</msg>
<status status="PASS" starttime="20260114 20:27:23.994" endtime="20260114 20:27:25.107"/>
</kw>
<kw name="Input Text" library="SeleniumLibrary">
<arg>${password_strategy}:${password_value}</arg>
<arg>${config}[PASSWORD]</arg>
<doc>Types the given ``text`` into the text field identified by ``locator``.</doc>
<msg timestamp="20260114 20:27:25.107" level="INFO">Typing text 'secret_sauce' into text field 'id:password'.</msg>
<status status="PASS" starttime="20260114 20:27:25.107" endtime="20260114 20:27:26.154"/>
</kw>
<kw name="Click Button" library="SeleniumLibrary">
<arg>${button_strategy}:${button_value}</arg>
<doc>Clicks the button identified by ``locator``.</doc>
<msg timestamp="20260114 20:27:26.155" level="INFO">Clicking button 'id:login-button'.</msg>
<status status="PASS" starttime="20260114 20:27:26.154" endtime="20260114 20:27:27.255"/>
</kw>
<kw name="Wait Until Page Contains" library="SeleniumLibrary">
<arg>${products_text[1]}</arg>
<doc>Waits until ``text`` appears on the current page.</doc>
<status status="PASS" starttime="20260114 20:27:27.255" endtime="20260114 20:27:27.624"/>
</kw>
<status status="PASS" starttime="20260114 20:27:23.945" endtime="20260114 20:27:27.625"/>
</kw>
<kw name="Open Burger Menu" library="keywords">
<kw name="Close Burger Menu If Open" library="keywords">
<kw name="Get Locator" library="keywords">
<var>${close_btn_strategy}</var>
<var>${close_btn_value}</var>
<arg>BURGER_MENU_CLOSE_BTN</arg>
<kw name="Load Locators" library="keywords">
<var>${locators}</var>
<if>
<branch type="IF" condition="$LOCATORS_CACHE == {}">
<kw name="Get File" library="OperatingSystem">
<var>${locators_content}</var>
<arg>${LOCATORS_FILE}</arg>
<doc>Returns the contents of a specified file.</doc>
<status status="NOT RUN" starttime="20260114 20:27:27.625" endtime="20260114 20:27:27.625"/>
</kw>
<kw name="Evaluate" library="BuiltIn">
<var>${locators}</var>
<arg>json.loads('''${locators_content}''')</arg>
<arg>json</arg>
<doc>Evaluates the given expression in Python and returns the result.</doc>
<status status="NOT RUN" starttime="20260114 20:27:27.625" endtime="20260114 20:27:27.625"/>
</kw>
<kw name="Set Suite Variable" library="BuiltIn">
<arg>&amp;{LOCATORS_CACHE}</arg>
<arg>&amp;{locators}</arg>
<doc>Makes a variable available everywhere within the scope of the current suite.</doc>
<status status="NOT RUN" starttime="20260114 20:27:27.625" endtime="20260114 20:27:27.625"/>
</kw>
<status status="NOT RUN" starttime="20260114 20:27:27.625" endtime="20260114 20:27:27.625"/>
</branch>
<status status="PASS" starttime="20260114 20:27:27.625" endtime="20260114 20:27:27.625"/>
</if>
<return>
<value>${LOCATORS_CACHE}</value>
<status status="PASS" starttime="20260114 20:27:27.625" endtime="20260114 20:27:27.625"/>
</return>
<msg timestamp="20260114 20:27:27.625" level="INFO">${locators} = {'LOGIN_USER': 'id:user-name', 'LOGIN_PASSWORD': 'id:password', 'LOGIN_BUTTON': 'id:login-button', 'BURGER_MENU_BTN': 'id:react-burger-menu-btn', 'BURGER_MENU_CLOSE_BTN': 'id:react-burger-cross-btn', ...</msg>
<status status="PASS" starttime="20260114 20:27:27.625" endtime="20260114 20:27:27.625"/>
</kw>
<kw name="Set Variable" library="BuiltIn">
<var>${locator}</var>
<arg>${locators}[${key}]</arg>
<doc>Returns the given values which can then be assigned to a variables.</doc>
<msg timestamp="20260114 20:27:27.625" level="INFO">${locator} = id:react-burger-cross-btn</msg>
<status status="PASS" starttime="20260114 20:27:27.625" endtime="20260114 20:27:27.625"/>
</kw>
<kw name="Evaluate" library="BuiltIn">
<var>${colon_index}</var>
<arg>'''${locator}'''.find(':')</arg>
<doc>Evaluates the given expression in Python and returns the result.</doc>
<msg timestamp="20260114 20:27:27.641" level="INFO">${colon_index} = 2</msg>
<status status="PASS" starttime="20260114 20:27:27.625" endtime="20260114 20:27:27.641"/>
</kw>
<if>
<branch type="IF" condition="${colon_index} &gt;= 0">
<kw name="Evaluate" library="BuiltIn">
<var>${strategy}</var>
<arg>'''${locator}'''[:${colon_index}]</arg>
<doc>Evaluates the given expression in Python and returns the result.</doc>
<msg timestamp="20260114 20:27:27.641" level="INFO">${strategy} = id</msg>
<status status="PASS" starttime="20260114 20:27:27.641" endtime="20260114 20:27:27.641"/>
</kw>
<kw name="Evaluate" library="BuiltIn">
<var>${value}</var>
<arg>'''${locator}'''[${colon_index + 1}:]</arg>
<doc>Evaluates the given expression in Python and returns the result.</doc>
<msg timestamp="20260114 20:27:27.641" level="INFO">${value} = react-burger-cross-btn</msg>
<status status="PASS" starttime="20260114 20:27:27.641" endtime="20260114 20:27:27.641"/>
</kw>
<return>
<value>${strategy}</value>
<value>${value}</value>
<status status="PASS" starttime="20260114 20:27:27.641" endtime="20260114 20:27:27.641"/>
</return>
<status status="PASS" starttime="20260114 20:27:27.641" endtime="20260114 20:27:27.641"/>
</branch>
<branch type="ELSE">
<return>
<value>${EMPTY}</value>
<value>${locator}</value>
<status status="NOT RUN" starttime="20260114 20:27:27.641" endtime="20260114 20:27:27.641"/>
</return>
<status status="NOT RUN" starttime="20260114 20:27:27.641" endtime="20260114 20:27:27.641"/>
</branch>
<status status="PASS" starttime="20260114 20:27:27.641" endtime="20260114 20:27:27.641"/>
</if>
<msg timestamp="20260114 20:27:27.641" level="INFO">${close_btn_strategy} = id</msg>
<msg timestamp="20260114 20:27:27.641" level="INFO">${close_btn_value} = react-burger-cross-btn</msg>
<status status="PASS" starttime="20260114 20:27:27.625" endtime="20260114 20:27:27.641"/>
</kw>
<kw name="Run Keyword And Return Status" library="BuiltIn">
<var>${is_visible}</var>
<arg>Element Should Be Visible</arg>
<arg>${close_btn_strategy}:${close_btn_value}</arg>
<doc>Runs the given keyword with given arguments and returns the status as a Boolean value.</doc>
<kw name="Element Should Be Visible" library="SeleniumLibrary">
<arg>${close_btn_strategy}:${close_btn_value}</arg>
<doc>Verifies that the element identified by ``locator`` is visible.</doc>
<msg timestamp="20260114 20:27:28.774" level="INFO" html="true">&lt;/td&gt;&lt;/tr&gt;&lt;tr&gt;&lt;td colspan="3"&gt;&lt;a href="selenium-screenshot-25.png"&gt;&lt;img src="selenium-screenshot-25.png" width="800px"&gt;&lt;/a&gt;</msg>
<msg timestamp="20260114 20:27:28.774" level="FAIL">The element 'id:react-burger-cross-btn' should be visible, but it is not.</msg>
<status status="FAIL" starttime="20260114 20:27:27.641" endtime="20260114 20:27:28.774"/>
</kw>
<msg timestamp="20260114 20:27:28.774" level="INFO">${is_visible} = False</msg>
<status status="PASS" starttime="20260114 20:27:27.641" endtime="20260114 20:27:28.774"/>
</kw>
<kw name="Run Keyword If" library="BuiltIn">
<arg>${is_visible}</arg>
<arg>Click Element</arg>
<arg>${close_btn_strategy}:${close_btn_value}</arg>
<doc>Runs the given keyword with the given arguments, if ``condition`` is true.</doc>
<status status="PASS" starttime="20260114 20:27:28.774" endtime="20260114 20:27:28.774"/>
</kw>
<status status="PASS" starttime="20260114 20:27:27.625" endtime="20260114 20:27:28.774"/>
</kw>
<kw name="Get Locator" library="keywords">
<var>${menu_btn_strategy}</var>
<var>${menu_btn_value}</var>
<arg>BURGER_MENU_BTN</arg>
<kw name="Load Locators" library="keywords">
<var>${locators}</var>
<if>
<branch type="IF" condition="$LOCATORS_CACHE == {}">
<kw name="Get File" library="OperatingSystem">
<var>${locators_content}</var>
<arg>${LOCATORS_FILE}</arg>
<doc>Returns the contents of a specified file.</doc>
<status status="NOT RUN" starttime="20260114 20:27:28.774" endtime="20260114 20:27:28.774"/>
</kw>
<kw name="Evaluate" library="BuiltIn">
<var>${locators}</var>
<arg>json.loads('''${locators_content}''')</arg>
<arg>json</arg>
<doc>Evaluates the given expression in Python and returns the result.</doc>
<status status="NOT RUN" starttime="20260114 20:27:28.774" endtime="20260114 20:27:28.774"/>
</kw>
<kw name="Set Suite Variable" library="BuiltIn">
<arg>&amp;{LOCATORS_CACHE}</arg>
<arg>&amp;{locators}</arg>
<doc>Makes a variable available everywhere within the scope of the current suite.</doc>
<status status="NOT RUN" starttime="20260114 20:27:28.774" endtime="20260114 20:27:28.774"/>
</kw>
<status status="NOT RUN" starttime="20260114 20:27:28.774" endtime="20260114 20:27:28.774"/>
</branch>
<status status="PASS" starttime="20260114 20:27:28.774" endtime="20260114 20:27:28.774"/>
</if>
<return>
<value>${LOCATORS_CACHE}</value>
<status status="PASS" starttime="20260114 20:27:28.774" endtime="20260114 20:27:28.774"/>
</return>
<msg timestamp="20260114 20:27:28.774" level="INFO">${locators} = {'LOGIN_USER': 'id:user-name', 'LOGIN_PASSWORD': 'id:password', 'LOGIN_BUTTON': 'id:login-button', 'BURGER_MENU_BTN': 'id:react-burger-menu-btn', 'BURGER_MENU_CLOSE_BTN': 'id:react-burger-cross-btn', ...</msg>
<status status="PASS" starttime="20260114 20:27:28.774" endtime="20260114 20:27:28.774"/>
</kw>
<kw name="Set Variable" library="BuiltIn">
<var>${locator}</var>
<arg>${locators}[${key}]</arg>
<doc>Returns the given values which can then be assigned to a variables.</doc>
<msg timestamp="20260114 20:27:28.774" level="INFO">${locator} = id:react-burger-menu-btn</msg>
<status status="PASS" starttime="20260114 20:27:28.774" endtime="20260114 20:27:28.774"/>
</kw>
<kw name="Evaluate" library="BuiltIn">
<var>${colon_index}</var>
<arg>'''${locator}'''.find(':')</arg>
<doc>Evaluates the given expression in Python and returns the result.</doc>
<msg timestamp="20260114 20:27:28.774" level="INFO">${colon_index} = 2</msg>
<status status="PASS" starttime="20260114 20:27:28.774" endtime="20260114 20:27:28.774"/>
</kw>
<if>
<branch type="IF" condition="${colon_index} &gt;= 0">
<kw name="Evaluate" library="BuiltIn">
<var>${strategy}</var>
<arg>'''${locator}'''[:${colon_index}]</arg>
<doc>Evaluates the given expression in Python and returns the result.</doc>
<msg timestamp="20260114 20:27:28.774" level="INFO">${strategy} = id</msg>
<status status="PASS" starttime="20260114 20:27:28.774" endtime="20260114 20:27:28.774"/>
</kw>
<kw name="Evaluate" library="BuiltIn">
<var>${value}</var>
<arg>'''${locator}'''[${colon_index + 1}:]</arg>
<doc>Evaluates the given expression in Python and returns the result.</doc>
<msg timestamp="20260114 20:27:28.774" level="INFO">${value} = react-burger-menu-btn</msg>
<status status="PASS" starttime="20260114 20:27:28.774" endtime="20260114 20:27:28.774"/>
</kw>
<return>
<value>${strategy}</value>
<value>${value}</value>
<status status="PASS" starttime="20260114 20:27:28.774" endtime="20260114 20:27:28.774"/>
</return>
<status status="PASS" starttime="20260114 20:27:28.774" endtime="20260114 20:27:28.774"/>
</branch>
<branch type="ELSE">
<return>
<value>${EMPTY}</value>
<value>${locator}</value>
<status status="NOT RUN" starttime="20260114 20:27:28.774" endtime="20260114 20:27:28.774"/>
</return>
<status status="NOT RUN" starttime="20260114 20:27:28.774" endtime="20260114 20:27:28.774"/>
</branch>
<status status="PASS" starttime="20260114 20:27:28.774" endtime="20260114 20:27:28.774"/>
</if>
<msg timestamp="20260114 20:27:28.774" level="INFO">${menu_btn_strategy} = id</msg>
<msg timestamp="20260114 20:27:28.774" level="INFO">${menu_btn_value} = react-burger-menu-btn</msg>
<status status="PASS" starttime="20260114 20:27:28.774" endtime="20260114 20:27:28.774"/>
</kw>
<kw name="Wait Until Element Is Visible" library="SeleniumLibrary">
<arg>${menu_btn_strategy}:${menu_btn_value}</arg>
<arg>timeout=5s</arg>
<doc>Waits until the element ``locator`` is visible.</doc>
<status status="PASS" starttime="20260114 20:27:28.774" endtime="20260114 20:27:29.415"/>
</kw>
<kw name="Wait Until Element Is Enabled" library="SeleniumLibrary">
<arg>${menu_btn_strategy}:${menu_btn_value}</arg>
<arg>timeout=5s</arg>
<doc>Waits until the element ``locator`` is enabled.</doc>
<status status="PASS" starttime="20260114 20:27:29.415" endtime="20260114 20:27:30.380"/>
</kw>
<kw name="Sleep" library="BuiltIn">
<arg>0.3s</arg>
<doc>Pauses the test executed for the given time.</doc>
<msg timestamp="20260114 20:27:30.692" level="INFO">Slept 300 milliseconds</msg>
<status status="PASS" starttime="20260114 20:27:30.380" endtime="20260114 20:27:30.692"/>
</kw>
<kw name="Click Element" library="SeleniumLibrary">
<arg>${menu_btn_strategy}:${menu_btn_value}</arg>
<doc>Click the element identified by ``locator``.</doc>
<msg timestamp="20260114 20:27:30.694" level="INFO">Clicking element 'id:react-burger-menu-btn'.</msg>
<status status="PASS" starttime="20260114 20:27:30.693" endtime="20260114 20:27:31.422"/>
</kw>
<status status="PASS" starttime="20260114 20:27:27.625" endtime="20260114 20:27:31.422"/>
</kw>
<kw name="Click About And Verify Saucelabs Page" library="keywords">
<kw name="Click Burger Menu Option" library="keywords">
<arg>MENU_ABOUT</arg>
<kw name="Get Locator" library="keywords">
<var>${option_strategy}</var>
<var>${option_value}</var>
<arg>${option_key}</arg>
<kw name="Load Locators" library="keywords">
<var>${locators}</var>
<if>
<branch type="IF" condition="$LOCATORS_CACHE == {}">
<kw name="Get File" library="OperatingSystem">
<var>${locators_content}</var>
<arg>${LOCATORS_FILE}</arg>
<doc>Returns the contents of a specified file.</doc>
<status status="NOT RUN" starttime="20260114 20:27:31.424" endtime="20260114 20:27:31.424"/>
</kw>
<kw name="Evaluate" library="BuiltIn">
<var>${locators}</var>
<arg>json.loads('''${locators_content}''')</arg>
<arg>json</arg>
<doc>Evaluates the given expression in Python and returns the result.</doc>
<status status="NOT RUN" starttime="20260114 20:27:31.424" endtime="20260114 20:27:31.424"/>
</kw>
<kw name="Set Suite Variable" library="BuiltIn">
<arg>&amp;{LOCATORS_CACHE}</arg>
<arg>&amp;{locators}</arg>
<doc>Makes a variable available everywhere within the scope of the current suite.</doc>
<status status="NOT RUN" starttime="20260114 20:27:31.424" endtime="20260114 20:27:31.424"/>
</kw>
<status status="NOT RUN" starttime="20260114 20:27:31.424" endtime="20260114 20:27:31.424"/>
</branch>
<status status="PASS" starttime="20260114 20:27:31.424" endtime="20260114 20:27:31.424"/>
</if>
<return>
<value>${LOCATORS_CACHE}</value>
<status status="PASS" starttime="20260114 20:27:31.424" endtime="20260114 20:27:31.424"/>
</return>
<msg timestamp="20260114 20:27:31.424" level="INFO">${locators} = {'LOGIN_USER': 'id:user-name', 'LOGIN_PASSWORD': 'id:password', 'LOGIN_BUTTON': 'id:login-button', 'BURGER_MENU_BTN': 'id:react-burger-menu-btn', 'BURGER_MENU_CLOSE_BTN': 'id:react-burger-cross-btn', ...</msg>
<status status="PASS" starttime="20260114 20:27:31.423" endtime="20260114 20:27:31.424"/>
</kw>
<kw name="Set Variable" library="BuiltIn">
<var>${locator}</var>
<arg>${locators}[${key}]</arg>
<doc>Returns the given values which can then be assigned to a variables.</doc>
<msg timestamp="20260114 20:27:31.424" level="INFO">${locator} = id:about_sidebar_link</msg>
<status status="PASS" starttime="20260114 20:27:31.424" endtime="20260114 20:27:31.424"/>
</kw>
<kw name="Evaluate" library="BuiltIn">
<var>${colon_index}</var>
<arg>'''${locator}'''.find(':')</arg>
<doc>Evaluates the given expression in Python and returns the result.</doc>
<msg timestamp="20260114 20:27:31.424" level="INFO">${colon_index} = 2</msg>
<status status="PASS" starttime="20260114 20:27:31.424" endtime="20260114 20:27:31.424"/>
</kw>
<if>
<branch type="IF" condition="${colon_index} &gt;= 0">
<kw name="Evaluate" library="BuiltIn">
<var>${strategy}</var>
<arg>'''${locator}'''[:${colon_index}]</arg>
<doc>Evaluates the given expression in Python and returns the result.</doc>
<msg timestamp="20260114 20:27:31.424" level="INFO">${strategy} = id</msg>
<status status="PASS" starttime="20260114 20:27:31.424" endtime="20260114 20:27:31.424"/>
</kw>
<kw name="Evaluate" library="BuiltIn">
<var>${value}</var>
<arg>'''${locator}'''[${colon_index + 1}:]</arg>
<doc>Evaluates the given expression in Python and returns the result.</doc>
<msg timestamp="20260114 20:27:31.424" level="INFO">${value} = about_sidebar_link</msg>
<status status="PASS" starttime="20260114 20:27:31.424" endtime="20260114 20:27:31.424"/>
</kw>
<return>
<value>${strategy}</value>
<value>${value}</value>
<status status="PASS" starttime="20260114 20:27:31.424" endtime="20260114 20:27:31.424"/>
</return>
<status status="PASS" starttime="20260114 20:27:31.424" endtime="20260114 20:27:31.424"/>
</branch>
<branch type="ELSE">
<return>
<value>${EMPTY}</value>
<value>${locator}</value>
<status status="NOT RUN" starttime="20260114 20:27:31.424" endtime="20260114 20:27:31.424"/>
</return>
<status status="NOT RUN" starttime="20260114 20:27:31.424" endtime="20260114 20:27:31.424"/>
</branch>
<status status="PASS" starttime="20260114 20:27:31.424" endtime="20260114 20:27:31.424"/>
</if>
<msg timestamp="20260114 20:27:31.424" level="INFO">${option_strategy} = id</msg>
<msg timestamp="20260114 20:27:31.424" level="INFO">${option_value} = about_sidebar_link</msg>
<status status="PASS" starttime="20260114 20:27:31.423" endtime="20260114 20:27:31.424"/>
</kw>
<kw name="Open Burger Menu" library="keywords">
<kw name="Close Burger Menu If Open" library="keywords">
<kw name="Get Locator" library="keywords">
<var>${close_btn_strategy}</var>
<var>${close_btn_value}</var>
<arg>BURGER_MENU_CLOSE_BTN</arg>
<kw name="Load Locators" library="keywords">
<var>${locators}</var>
<if>
<branch type="IF" condition="$LOCATORS_CACHE == {}">
<kw name="Get File" library="OperatingSystem">
<var>${locators_content}</var>
<arg>${LOCATORS_FILE}</arg>
<doc>Returns the contents of a specified file.</doc>
<status status="NOT RUN" starttime="20260114 20:27:31.424" endtime="20260114 20:27:31.424"/>
</kw>
<kw name="Evaluate" library="BuiltIn">
<var>${locators}</var>
<arg>json.loads('''${locators_content}''')</arg>
<arg>json</arg>
<doc>Evaluates the given expression in Python and returns the result.</doc>
<status status="NOT RUN" starttime="20260114 20:27:31.424" endtime="20260114 20:27:31.424"/>
</kw>
<kw name="Set Suite Variable" library="BuiltIn">
<arg>&amp;{LOCATORS_CACHE}</arg>
<arg>&amp;{locators}</arg>
<doc>Makes a variable available everywhere within the scope of the current suite.</doc>
<status status="NOT RUN" starttime="20260114 20:27:31.424" endtime="20260114 20:27:31.424"/>
</kw>
<status status="NOT RUN" starttime="20260114 20:27:31.424" endtime="20260114 20:27:31.424"/>
</branch>
<status status="PASS" starttime="20260114 20:27:31.424" endtime="20260114 20:27:31.424"/>
</if>
<return>
<value>${LOCATORS_CACHE}</value>
<status status="PASS" starttime="20260114 20:27:31.424" endtime="20260114 20:27:31.424"/>
</return>
<msg timestamp="20260114 20:27:31.424" level="INFO">${locators} = {'LOGIN_USER': 'id:user-name', 'LOGIN_PASSWORD': 'id:password', 'LOGIN_BUTTON': 'id:login-button', 'BURGER_MENU_BTN': 'id:react-burger-menu-btn', 'BURGER_MENU_CLOSE_BTN': 'id:react-burger-cross-btn', ...</msg>
<status status="PASS" starttime="20260114 20:27:31.424" endtime="20260114 20:27:31.424"/>
</kw>
<kw name="Set Variable" library="BuiltIn">
<var>${locator}</var>
<arg>${locators}[${key}]</arg>
<doc>Returns the given values which can then be assigned to a variables.</doc>
<msg timestamp="20260114 20:27:31.424" level="INFO">${locator} = id:react-burger-cross-btn</msg>
<status status="PASS" starttime="20260114 20:27:31.424" endtime="20260114 20:27:31.424"/>
</kw>
<kw name="Evaluate" library="BuiltIn">
<var>${colon_index}</var>
<arg>'''${locator}'''.find(':')</arg>
<doc>Evaluates the given expression in Python and returns the result.</doc>
<msg timestamp="20260114 20:27:31.424" level="INFO">${colon_index} = 2</msg>
<status status="PASS" starttime="20260114 20:27:31.424" endtime="20260114 20:27:31.424"/>
</kw>
<if>
<branch type="IF" condition="${colon_index} &gt;= 0">
<kw name="Evaluate" library="BuiltIn">
<var>${strategy}</var>
<arg>'''${locator}'''[:${colon_index}]</arg>
<doc>Evaluates the given expression in Python and returns the result.</doc>
<msg timestamp="20260114 20:27:31.424" level="INFO">${strategy} = id</msg>
<status status="PASS" starttime="20260114 20:27:31.424" endtime="20260114 20:27:31.424"/>
</kw>
<kw name="Evaluate" library="BuiltIn">
<var>${value}</var>
<arg>'''${locator}'''[${colon_index + 1}:]</arg>
<doc>Evaluates the given expression in Python and returns the result.</doc>
<msg timestamp="20260114 20:27:31.424" level="INFO">${value} = react-burger-cross-btn</msg>
<status status="PASS" starttime="20260114 20:27:31.424" endtime="20260114 20:27:31.424"/>
</kw>
<return>
<value>${strategy}</value>
<value>${value}</value>
<status status="PASS" starttime="20260114 20:27:31.424" endtime="20260114 20:27:31.424"/>
</return>
<status status="PASS" starttime="20260114 20:27:31.424" endtime="20260114 20:27:31.424"/>
</branch>
<branch type="ELSE">
<return>
<value>${EMPTY}</value>
<value>${locator}</value>
<status status="NOT RUN" starttime="20260114 20:27:31.424" endtime="20260114 20:27:31.424"/>
</return>
<status status="NOT RUN" starttime="20260114 20:27:31.424" endtime="20260114 20:27:31.424"/>
</branch>
<status status="PASS" starttime="20260114 20:27:31.424" endtime="20260114 20:27:31.424"/>
</if>
<msg timestamp="20260114 20:27:31.424" level="INFO">${close_btn_strategy} = id</msg>
<msg timestamp="20260114 20:27:31.424" level="INFO">${close_btn_value} = react-burger-cross-btn</msg>
<status status="PASS" starttime="20260114 20:27:31.424" endtime="20260114 20:27:31.424"/>
</kw>
<kw name="Run Keyword And Return Status" library="BuiltIn">
<var>${is_visible}</var>
<arg>Element Should Be Visible</arg>
<arg>${close_btn_strategy}:${close_btn_value}</arg>
<doc>Runs the given keyword with given arguments and returns the status as a Boolean value.</doc>
<kw name="Element Should Be Visible" library="SeleniumLibrary">
<arg>${close_btn_strategy}:${close_btn_value}</arg>
<doc>Verifies that the element identified by ``locator`` is visible.</doc>
<msg timestamp="20260114 20:27:32.081" level="INFO">Element 'id:react-burger-cross-btn' is displayed.</msg>
<status status="PASS" starttime="20260114 20:27:31.424" endtime="20260114 20:27:32.081"/>
</kw>
<msg timestamp="20260114 20:27:32.081" level="INFO">${is_visible} = True</msg>
<status status="PASS" starttime="20260114 20:27:31.424" endtime="20260114 20:27:32.081"/>
</kw>
<kw name="Run Keyword If" library="BuiltIn">
<arg>${is_visible}</arg>
<arg>Click Element</arg>
<arg>${close_btn_strategy}:${close_btn_value}</arg>
<doc>Runs the given keyword with the given arguments, if ``condition`` is true.</doc>
<kw name="Click Element" library="SeleniumLibrary">
<arg>${close_btn_strategy}:${close_btn_value}</arg>
<doc>Click the element identified by ``locator``.</doc>
<msg timestamp="20260114 20:27:32.081" level="INFO">Clicking element 'id:react-burger-cross-btn'.</msg>
<status status="PASS" starttime="20260114 20:27:32.081" endtime="20260114 20:27:32.773"/>
</kw>
<status status="PASS" starttime="20260114 20:27:32.081" endtime="20260114 20:27:32.774"/>
</kw>
<status status="PASS" starttime="20260114 20:27:31.424" endtime="20260114 20:27:32.774"/>
</kw>
<kw name="Get Locator" library="keywords">
<var>${menu_btn_strategy}</var>
<var>${menu_btn_value}</var>
<arg>BURGER_MENU_BTN</arg>
<kw name="Load Locators" library="keywords">
<var>${locators}</var>
<if>
<branch type="IF" condition="$LOCATORS_CACHE == {}">
<kw name="Get File" library="OperatingSystem">
<var>${locators_content}</var>
<arg>${LOCATORS_FILE}</arg>
<doc>Returns the contents of a specified file.</doc>
<status status="NOT RUN" starttime="20260114 20:27:32.774" endtime="20260114 20:27:32.774"/>
</kw>
<kw name="Evaluate" library="BuiltIn">
<var>${locators}</var>
<arg>json.loads('''${locators_content}''')</arg>
<arg>json</arg>
<doc>Evaluates the given expression in Python and returns the result.</doc>
<status status="NOT RUN" starttime="20260114 20:27:32.774" endtime="20260114 20:27:32.774"/>
</kw>
<kw name="Set Suite Variable" library="BuiltIn">
<arg>&amp;{LOCATORS_CACHE}</arg>
<arg>&amp;{locators}</arg>
<doc>Makes a variable available everywhere within the scope of the current suite.</doc>
<status status="NOT RUN" starttime="20260114 20:27:32.774" endtime="20260114 20:27:32.774"/>
</kw>
<status status="NOT RUN" starttime="20260114 20:27:32.774" endtime="20260114 20:27:32.774"/>
</branch>
<status status="PASS" starttime="20260114 20:27:32.774" endtime="20260114 20:27:32.774"/>
</if>
<return>
<value>${LOCATORS_CACHE}</value>
<status status="PASS" starttime="20260114 20:27:32.774" endtime="20260114 20:27:32.774"/>
</return>
<msg timestamp="20260114 20:27:32.774" level="INFO">${locators} = {'LOGIN_USER': 'id:user-name', 'LOGIN_PASSWORD': 'id:password', 'LOGIN_BUTTON': 'id:login-button', 'BURGER_MENU_BTN': 'id:react-burger-menu-btn', 'BURGER_MENU_CLOSE_BTN': 'id:react-burger-cross-btn', ...</msg>
<status status="PASS" starttime="20260114 20:27:32.774" endtime="20260114 20:27:32.774"/>
</kw>
<kw name="Set Variable" library="BuiltIn">
<var>${locator}</var>
<arg>${locators}[${key}]</arg>
<doc>Returns the given values which can then be assigned to a variables.</doc>
<msg timestamp="20260114 20:27:32.774" level="INFO">${locator} = id:react-burger-menu-btn</msg>
<status status="PASS" starttime="20260114 20:27:32.774" endtime="20260114 20:27:32.774"/>
</kw>
<kw name="Evaluate" library="BuiltIn">
<var>${colon_index}</var>
<arg>'''${locator}'''.find(':')</arg>
<doc>Evaluates the given expression in Python and returns the result.</doc>
<msg timestamp="20260114 20:27:32.774" level="INFO">${colon_index} = 2</msg>
<status status="PASS" starttime="20260114 20:27:32.774" endtime="20260114 20:27:32.774"/>
</kw>
<if>
<branch type="IF" condition="${colon_index} &gt;= 0">
<kw name="Evaluate" library="BuiltIn">
<var>${strategy}</var>
<arg>'''${locator}'''[:${colon_index}]</arg>
<doc>Evaluates the given expression in Python and returns the result.</doc>
<msg timestamp="20260114 20:27:32.774" level="INFO">${strategy} = id</msg>
<status status="PASS" starttime="20260114 20:27:32.774" endtime="20260114 20:27:32.774"/>
</kw>
<kw name="Evaluate" library="BuiltIn">
<var>${value}</var>
<arg>'''${locator}'''[${colon_index + 1}:]</arg>
<doc>Evaluates the given expression in Python and returns the result.</doc>
<msg timestamp="20260114 20:27:32.774" level="INFO">${value} = react-burger-menu-btn</msg>
<status status="PASS" starttime="20260114 20:27:32.774" endtime="20260114 20:27:32.774"/>
</kw>
<return>
<value>${strategy}</value>
<value>${value}</value>
<status status="PASS" starttime="20260114 20:27:32.774" endtime="20260114 20:27:32.774"/>
</return>
<status status="PASS" starttime="20260114 20:27:32.774" endtime="20260114 20:27:32.774"/>
</branch>
<branch type="ELSE">
<return>
<value>${EMPTY}</value>
<value>${locator}</value>
<status status="NOT RUN" starttime="20260114 20:27:32.774" endtime="20260114 20:27:32.774"/>
</return>
<status status="NOT RUN" starttime="20260114 20:27:32.774" endtime="20260114 20:27:32.774"/>
</branch>
<status status="PASS" starttime="20260114 20:27:32.774" endtime="20260114 20:27:32.774"/>
</if>
<msg timestamp="20260114 20:27:32.774" level="INFO">${menu_btn_strategy} = id</msg>
<msg timestamp="20260114 20:27:32.774" level="INFO">${menu_btn_value} = react-burger-menu-btn</msg>
<status status="PASS" starttime="20260114 20:27:32.774" endtime="20260114 20:27:32.774"/>
</kw>
<kw name="Wait Until Element Is Visible" library="SeleniumLibrary">
<arg>${menu_btn_strategy}:${menu_btn_value}</arg>
<arg>timeout=5s</arg>
<doc>Waits until the element ``locator`` is visible.</doc>
<status status="PASS" starttime="20260114 20:27:32.774" endtime="20260114 20:27:33.424"/>
</kw>
<kw name="Wait Until Element Is Enabled" library="SeleniumLibrary">
<arg>${menu_btn_strategy}:${menu_btn_value}</arg>
<arg>timeout=5s</arg>
<doc>Waits until the element ``locator`` is enabled.</doc>
<status status="PASS" starttime="20260114 20:27:33.424" endtime="20260114 20:27:34.388"/>
</kw>
<kw name="Sleep" library="BuiltIn">
<arg>0.3s</arg>
<doc>Pauses the test executed for the given time.</doc>
<msg timestamp="20260114 20:27:34.700" level="INFO">Slept 300 milliseconds</msg>
<status status="PASS" starttime="20260114 20:27:34.388" endtime="20260114 20:27:34.700"/>
</kw>
<kw name="Click Element" library="SeleniumLibrary">
<arg>${menu_btn_strategy}:${menu_btn_value}</arg>
<doc>Click the element identified by ``locator``.</doc>
<msg timestamp="20260114 20:27:34.700" level="INFO">Clicking element 'id:react-burger-menu-btn'.</msg>
<status status="PASS" starttime="20260114 20:27:34.700" endtime="20260114 20:27:35.376"/>
</kw>
<status status="PASS" starttime="20260114 20:27:31.424" endtime="20260114 20:27:35.376"/>
</kw>
<kw name="Click Element" library="SeleniumLibrary">
<arg>${option_strategy}:${option_value}</arg>
<doc>Click the element identified by ``locator``.</doc>
<msg timestamp="20260114 20:27:35.376" level="INFO">Clicking element 'id:about_sidebar_link'.</msg>
<status status="PASS" starttime="20260114 20:27:35.376" endtime="20260114 20:28:33.389"/>
</kw>
<status status="PASS" starttime="20260114 20:27:31.423" endtime="20260114 20:28:33.389"/>
</kw>
<kw name="Wait Until Location Contains" library="SeleniumLibrary">
<arg>saucelabs.com</arg>
<doc>Waits until the current URL contains ``expected``.</doc>
<status status="PASS" starttime="20260114 20:28:33.389" endtime="20260114 20:28:33.695"/>
</kw>
<kw name="Get Location" library="SeleniumLibrary">
<var>${location}</var>
<doc>Returns the current browser window URL.</doc>
<msg timestamp="20260114 20:28:34.008" level="INFO">${location} = https://saucelabs.com/</msg>
<status status="PASS" starttime="20260114 20:28:33.695" endtime="20260114 20:28:34.008"/>
</kw>
<kw name="Should Not Contain" library="BuiltIn">
<arg>${location}</arg>
<arg>/error/404</arg>
<doc>Fails if ``container`` contains ``item`` one or more times.</doc>
<status status="PASS" starttime="20260114 20:28:34.008" endtime="20260114 20:28:34.009"/>
</kw>
<status status="PASS" starttime="20260114 20:27:31.422" endtime="20260114 20:28:34.009"/>
</kw>
<kw name="Return To Application" library="keywords">
<kw name="Get Locator" library="keywords">
<var>${products_text}</var>
<arg>PRODUCTS_PAGE_TEXT</arg>
<kw name="Load Locators" library="keywords">
<var>${locators}</var>
<if>
<branch type="IF" condition="$LOCATORS_CACHE == {}">
<kw name="Get File" library="OperatingSystem">
<var>${locators_content}</var>
<arg>${LOCATORS_FILE}</arg>
<doc>Returns the contents of a specified file.</doc>
<status status="NOT RUN" starttime="20260114 20:28:34.010" endtime="20260114 20:28:34.010"/>
</kw>
<kw name="Evaluate" library="BuiltIn">
<var>${locators}</var>
<arg>json.loads('''${locators_content}''')</arg>
<arg>json</arg>
<doc>Evaluates the given expression in Python and returns the result.</doc>
<status status="NOT RUN" starttime="20260114 20:28:34.010" endtime="20260114 20:28:34.010"/>
</kw>
<kw name="Set Suite Variable" library="BuiltIn">
<arg>&amp;{LOCATORS_CACHE}</arg>
<arg>&amp;{locators}</arg>
<doc>Makes a variable available everywhere within the scope of the current suite.</doc>
<status status="NOT RUN" starttime="20260114 20:28:34.010" endtime="20260114 20:28:34.011"/>
</kw>
<status status="NOT RUN" starttime="20260114 20:28:34.010" endtime="20260114 20:28:34.011"/>
</branch>
<status status="PASS" starttime="20260114 20:28:34.010" endtime="20260114 20:28:34.011"/>
</if>
<return>
<value>${LOCATORS_CACHE}</value>
<status status="PASS" starttime="20260114 20:28:34.011" endtime="20260114 20:28:34.011"/>
</return>
<msg timestamp="20260114 20:28:34.011" level="INFO">${locators} = {'LOGIN_USER': 'id:user-name', 'LOGIN_PASSWORD': 'id:password', 'LOGIN_BUTTON': 'id:login-button', 'BURGER_MENU_BTN': 'id:react-burger-menu-btn', 'BURGER_MENU_CLOSE_BTN': 'id:react-burger-cross-btn', ...</msg>
<status status="PASS" starttime="20260114 20:28:34.010" endtime="20260114 20:28:34.011"/>
</kw>
<kw name="Set Variable" library="BuiltIn">
<var>${locator}</var>
<arg>${locators}[${key}]</arg>
<doc>Returns the given values which can then be assigned to a variables.</doc>
<msg timestamp="20260114 20:28:34.011" level="INFO">${locator} = Products</msg>
<status status="PASS" starttime="20260114 20:28:34.011" endtime="20260114 20:28:34.011"/>
</kw>
<kw name="Evaluate" library="BuiltIn">
<var>${colon_index}</var>
<arg>'''${locator}'''.find(':')</arg>
<doc>Evaluates the given expression in Python and returns the result.</doc>
<msg timestamp="20260114 20:28:34.013" level="INFO">${colon_index} = -1</msg>
<status status="PASS" starttime="20260114 20:28:34.012" endtime="20260114 20:28:34.013"/>
</kw>
<if>
<branch type="IF" condition="${colon_index} &gt;= 0">
<kw name="Evaluate" library="BuiltIn">
<var>${strategy}</var>
<arg>'''${locator}'''[:${colon_index}]</arg>
<doc>Evaluates the given expression in Python and returns the result.</doc>
<status status="NOT RUN" starttime="20260114 20:28:34.013" endtime="20260114 20:28:34.013"/>
</kw>
<kw name="Evaluate" library="BuiltIn">
<var>${value}</var>
<arg>'''${locator}'''[${colon_index + 1}:]</arg>
<doc>Evaluates the given expression in Python and returns the result.</doc>
<status status="NOT RUN" starttime="20260114 20:28:34.013" endtime="20260114 20:28:34.013"/>
</kw>
<return>
<value>${strategy}</value>
<value>${value}</value>
<status status="NOT RUN" starttime="20260114 20:28:34.013" endtime="20260114 20:28:34.013"/>
</return>
<status status="NOT RUN" starttime="20260114 20:28:34.013" endtime="20260114 20:28:34.013"/>
</branch>
<branch type="ELSE">
<return>
<value>${EMPTY}</value>
<value>${locator}</value>
<status status="PASS" starttime="20260114 20:28:34.013" endtime="20260114 20:28:34.013"/>
</return>
<status status="PASS" starttime="20260114 20:28:34.013" endtime="20260114 20:28:34.013"/>
</branch>
<status status="PASS" starttime="20260114 20:28:34.013" endtime="20260114 20:28:34.013"/>
</if>
<msg timestamp="20260114 20:28:34.013" level="INFO">${products_text} = ['', 'Products']</msg>
<status status="PASS" starttime="20260114 20:28:34.009" endtime="20260114 20:28:34.013"/>
</kw>
<kw name="Go Back" library="SeleniumLibrary">
<doc>Simulates the user clicking the back button on their browser.</doc>
<status status="PASS" starttime="20260114 20:28:34.013" endtime="20260114 20:28:41.525"/>
</kw>
<kw name="Wait Until Page Contains" library="SeleniumLibrary">
<arg>${products_text[1]}</arg>
<doc>Waits until ``text`` appears on the current page.</doc>
<status status="PASS" starttime="20260114 20:28:41.525" endtime="20260114 20:28:41.853"/>
</kw>
<status status="PASS" starttime="20260114 20:28:34.009" endtime="20260114 20:28:41.853"/>
</kw>
<kw name="Run Keyword If Test Failed" library="BuiltIn" type="TEARDOWN">
<arg>Capture Page Screenshot</arg>
<doc>Runs the given keyword with the given arguments, if the test failed.</doc>
<status status="PASS" starttime="20260114 20:28:41.853" endtime="20260114 20:28:41.853"/>
</kw>
<doc>Vérifie que l'utilisateur peut ouvrir la page About depuis le menu burger</doc>
<status status="PASS" starttime="20260114 20:27:18.768" endtime="20260114 20:28:41.853"/>
</test>
<kw name="Close Browser" library="SeleniumLibrary" type="TEARDOWN">
<doc>Closes the current browser.</doc>
<status status="PASS" starttime="20260114 20:28:41.853" endtime="20260114 20:28:44.234"/>
</kw>
<status status="PASS" starttime="20260114 20:27:18.204" endtime="20260114 20:28:44.234"/>
</suite>
<suite id="s1-s2" name="Test All Items" source="C:\robot_framework_project\tests\test_all_items.robot">
<test id="s1-s2-t1" name="User Can Return To Product List Using All Items" line="8">
<kw name="Open Application Browser" library="keywords">
<kw name="Load Config" library="keywords">
<var>${config}</var>
<if>
<branch type="IF" condition="$CONFIG_CACHE == {}">
<kw name="Get File" library="OperatingSystem">
<var>${config_content}</var>
<arg>${CONFIG_FILE}</arg>
<doc>Returns the contents of a specified file.</doc>
<msg timestamp="20260114 20:28:44.249" level="INFO" html="true">Getting file '&lt;a href="file://C:\robot_framework_project\data\config.json"&gt;C:\robot_framework_project\data\config.json&lt;/a&gt;'.</msg>
<msg timestamp="20260114 20:28:44.249" level="INFO">${config_content} = {
  "URL": "https://www.saucedemo.com",
  "BROWSER": "chrome",
  "USERNAME": "standard_user",
  "PASSWORD": "secret_sauce"
}
</msg>
<status status="PASS" starttime="20260114 20:28:44.234" endtime="20260114 20:28:44.249"/>
</kw>
<kw name="Evaluate" library="BuiltIn">
<var>${config}</var>
<arg>json.loads('''${config_content}''')</arg>
<arg>json</arg>
<doc>Evaluates the given expression in Python and returns the result.</doc>
<msg timestamp="20260114 20:28:44.250" level="INFO">${config} = {'URL': 'https://www.saucedemo.com', 'BROWSER': 'chrome', 'USERNAME': 'standard_user', 'PASSWORD': 'secret_sauce'}</msg>
<status status="PASS" starttime="20260114 20:28:44.249" endtime="20260114 20:28:44.250"/>
</kw>
<kw name="Set Suite Variable" library="BuiltIn">
<arg>&amp;{CONFIG_CACHE}</arg>
<arg>&amp;{config}</arg>
<doc>Makes a variable available everywhere within the scope of the current suite.</doc>
<msg timestamp="20260114 20:28:44.251" level="INFO">&amp;{CONFIG_CACHE} = { URL=https://www.saucedemo.com | BROWSER=chrome | USERNAME=standard_user | PASSWORD=secret_sauce }</msg>
<status status="PASS" starttime="20260114 20:28:44.251" endtime="20260114 20:28:44.251"/>
</kw>
<status status="PASS" starttime="20260114 20:28:44.234" endtime="20260114 20:28:44.251"/>
</branch>
<status status="PASS" starttime="20260114 20:28:44.234" endtime="20260114 20:28:44.251"/>
</if>
<return>
<value>${CONFIG_CACHE}</value>
<status status="PASS" starttime="20260114 20:28:44.251" endtime="20260114 20:28:44.251"/>
</return>
<msg timestamp="20260114 20:28:44.252" level="INFO">${config} = {'URL': 'https://www.saucedemo.com', 'BROWSER': 'chrome', 'USERNAME': 'standard_user', 'PASSWORD': 'secret_sauce'}</msg>
<status status="PASS" starttime="20260114 20:28:44.234" endtime="20260114 20:28:44.252"/>
</kw>
<kw name="Evaluate" library="BuiltIn">
<var>${options}</var>
<arg>sys.modules['selenium.webdriver'].ChromeOptions()</arg>
<arg>sys</arg>
<doc>Evaluates the given expression in Python and returns the result.</doc>
<msg timestamp="20260114 20:28:44.252" level="INFO">${options} = &lt;selenium.webdriver.chrome.options.Options object at 0x000001DDA856ED70&gt;</msg>
<status status="PASS" starttime="20260114 20:28:44.252" endtime="20260114 20:28:44.252"/>
</kw>
<kw name="Create Dictionary" library="BuiltIn">
<var>${prefs}</var>
<arg>credentials_enable_service=${False}</arg>
<arg>profile.password_manager_enabled=${False}</arg>
<doc>Creates and returns a dictionary based on the given ``items``.</doc>
<msg timestamp="20260114 20:28:44.253" level="INFO">${prefs} = {'credentials_enable_service': False, 'profile.password_manager_enabled': False}</msg>
<status status="PASS" starttime="20260114 20:28:44.252" endtime="20260114 20:28:44.253"/>
</kw>
<kw name="Call Method" library="BuiltIn">
<arg>${options}</arg>
<arg>add_experimental_option</arg>
<arg>prefs</arg>
<arg>${prefs}</arg>
<doc>Calls the named method of the given object with the provided arguments.</doc>
<status status="PASS" starttime="20260114 20:28:44.253" endtime="20260114 20:28:44.253"/>
</kw>
<kw name="Call Method" library="BuiltIn">
<arg>${options}</arg>
<arg>add_argument</arg>
<arg>--disable-notifications</arg>
<doc>Calls the named method of the given object with the provided arguments.</doc>
<status status="PASS" starttime="20260114 20:28:44.253" endtime="20260114 20:28:44.253"/>
</kw>
<kw name="Call Method" library="BuiltIn">
<arg>${options}</arg>
<arg>add_argument</arg>
<arg>--disable-infobars</arg>
<doc>Calls the named method of the given object with the provided arguments.</doc>
<status status="PASS" starttime="20260114 20:28:44.253" endtime="20260114 20:28:44.253"/>
</kw>
<kw name="Call Method" library="BuiltIn">
<arg>${options}</arg>
<arg>add_argument</arg>
<arg>--incognito</arg>
<doc>Calls the named method of the given object with the provided arguments.</doc>
<status status="PASS" starttime="20260114 20:28:44.254" endtime="20260114 20:28:44.254"/>
</kw>
<kw name="Open Browser" library="SeleniumLibrary">
<arg>${config}[URL]</arg>
<arg>Chrome</arg>
<arg>options=${options}</arg>
<doc>Opens a new browser instance to the optional ``url``.</doc>
<msg timestamp="20260114 20:28:44.255" level="INFO">Opening browser 'Chrome' to base url 'https://www.saucedemo.com'.</msg>
<status status="PASS" starttime="20260114 20:28:44.254" endtime="20260114 20:28:47.376"/>
</kw>
<kw name="Maximize Browser Window" library="SeleniumLibrary">
<doc>Maximizes current browser window.</doc>
<status status="PASS" starttime="20260114 20:28:47.377" endtime="20260114 20:28:50.720"/>
</kw>
<kw name="Set Selenium Speed" library="SeleniumLibrary">
<arg>0.3s</arg>
<doc>Sets the delay that is waited after each Selenium command.</doc>
<status status="PASS" starttime="20260114 20:28:50.720" endtime="20260114 20:28:50.720"/>
</kw>
<status status="PASS" starttime="20260114 20:28:44.234" endtime="20260114 20:28:50.720"/>
</kw>
<kw name="Login With Standard User" library="keywords">
<kw name="Load Config" library="keywords">
<var>${config}</var>
<if>
<branch type="IF" condition="$CONFIG_CACHE == {}">
<kw name="Get File" library="OperatingSystem">
<var>${config_content}</var>
<arg>${CONFIG_FILE}</arg>
<doc>Returns the contents of a specified file.</doc>
<status status="NOT RUN" starttime="20260114 20:28:50.720" endtime="20260114 20:28:50.720"/>
</kw>
<kw name="Evaluate" library="BuiltIn">
<var>${config}</var>
<arg>json.loads('''${config_content}''')</arg>
<arg>json</arg>
<doc>Evaluates the given expression in Python and returns the result.</doc>
<status status="NOT RUN" starttime="20260114 20:28:50.720" endtime="20260114 20:28:50.720"/>
</kw>
<kw name="Set Suite Variable" library="BuiltIn">
<arg>&amp;{CONFIG_CACHE}</arg>
<arg>&amp;{config}</arg>
<doc>Makes a variable available everywhere within the scope of the current suite.</doc>
<status status="NOT RUN" starttime="20260114 20:28:50.720" endtime="20260114 20:28:50.720"/>
</kw>
<status status="NOT RUN" starttime="20260114 20:28:50.720" endtime="20260114 20:28:50.720"/>
</branch>
<status status="PASS" starttime="20260114 20:28:50.720" endtime="20260114 20:28:50.720"/>
</if>
<return>
<value>${CONFIG_CACHE}</value>
<status status="PASS" starttime="20260114 20:28:50.720" endtime="20260114 20:28:50.720"/>
</return>
<msg timestamp="20260114 20:28:50.720" level="INFO">${config} = {'URL': 'https://www.saucedemo.com', 'BROWSER': 'chrome', 'USERNAME': 'standard_user', 'PASSWORD': 'secret_sauce'}</msg>
<status status="PASS" starttime="20260114 20:28:50.720" endtime="20260114 20:28:50.720"/>
</kw>
<kw name="Get Locator" library="keywords">
<var>${username_strategy}</var>
<var>${username_value}</var>
<arg>LOGIN_USER</arg>
<kw name="Load Locators" library="keywords">
<var>${locators}</var>
<if>
<branch type="IF" condition="$LOCATORS_CACHE == {}">
<kw name="Get File" library="OperatingSystem">
<var>${locators_content}</var>
<arg>${LOCATORS_FILE}</arg>
<doc>Returns the contents of a specified file.</doc>
<msg timestamp="20260114 20:28:50.720" level="INFO" html="true">Getting file '&lt;a href="file://C:\robot_framework_project\data\locators.json"&gt;C:\robot_framework_project\data\locators.json&lt;/a&gt;'.</msg>
<msg timestamp="20260114 20:28:50.720" level="INFO">${locators_content} = {
  "LOGIN_USER": "id:user-name",
  "LOGIN_PASSWORD": "id:password",
  "LOGIN_BUTTON": "id:login-button",

  "BURGER_MENU_BTN": "id:react-burger-menu-btn",
  "BURGER_MENU_CLOSE_BTN": "id:react-burger-...</msg>
<status status="PASS" starttime="20260114 20:28:50.720" endtime="20260114 20:28:50.720"/>
</kw>
<kw name="Evaluate" library="BuiltIn">
<var>${locators}</var>
<arg>json.loads('''${locators_content}''')</arg>
<arg>json</arg>
<doc>Evaluates the given expression in Python and returns the result.</doc>
<msg timestamp="20260114 20:28:50.720" level="INFO">${locators} = {'LOGIN_USER': 'id:user-name', 'LOGIN_PASSWORD': 'id:password', 'LOGIN_BUTTON': 'id:login-button', 'BURGER_MENU_BTN': 'id:react-burger-menu-btn', 'BURGER_MENU_CLOSE_BTN': 'id:react-burger-cross-btn', ...</msg>
<status status="PASS" starttime="20260114 20:28:50.720" endtime="20260114 20:28:50.720"/>
</kw>
<kw name="Set Suite Variable" library="BuiltIn">
<arg>&amp;{LOCATORS_CACHE}</arg>
<arg>&amp;{locators}</arg>
<doc>Makes a variable available everywhere within the scope of the current suite.</doc>
<msg timestamp="20260114 20:28:50.720" level="INFO">&amp;{LOCATORS_CACHE} = { LOGIN_USER=id:user-name | LOGIN_PASSWORD=id:password | LOGIN_BUTTON=id:login-button | BURGER_MENU_BTN=id:react-burger-menu-btn | BURGER_MENU_CLOSE_BTN=id:react-burger-cross-btn | MENU_ALL_ITEMS=id:i...</msg>
<status status="PASS" starttime="20260114 20:28:50.720" endtime="20260114 20:28:50.720"/>
</kw>
<status status="PASS" starttime="20260114 20:28:50.720" endtime="20260114 20:28:50.720"/>
</branch>
<status status="PASS" starttime="20260114 20:28:50.720" endtime="20260114 20:28:50.720"/>
</if>
<return>
<value>${LOCATORS_CACHE}</value>
<status status="PASS" starttime="20260114 20:28:50.720" endtime="20260114 20:28:50.720"/>
</return>
<msg timestamp="20260114 20:28:50.720" level="INFO">${locators} = {'LOGIN_USER': 'id:user-name', 'LOGIN_PASSWORD': 'id:password', 'LOGIN_BUTTON': 'id:login-button', 'BURGER_MENU_BTN': 'id:react-burger-menu-btn', 'BURGER_MENU_CLOSE_BTN': 'id:react-burger-cross-btn', ...</msg>
<status status="PASS" starttime="20260114 20:28:50.720" endtime="20260114 20:28:50.720"/>
</kw>
<kw name="Set Variable" library="BuiltIn">
<var>${locator}</var>
<arg>${locators}[${key}]</arg>
<doc>Returns the given values which can then be assigned to a variables.</doc>
<msg timestamp="20260114 20:28:50.720" level="INFO">${locator} = id:user-name</msg>
<status status="PASS" starttime="20260114 20:28:50.720" endtime="20260114 20:28:50.720"/>
</kw>
<kw name="Evaluate" library="BuiltIn">
<var>${colon_index}</var>
<arg>'''${locator}'''.find(':')</arg>
<doc>Evaluates the given expression in Python and returns the result.</doc>
<msg timestamp="20260114 20:28:50.720" level="INFO">${colon_index} = 2</msg>
<status status="PASS" starttime="20260114 20:28:50.720" endtime="20260114 20:28:50.720"/>
</kw>
<if>
<branch type="IF" condition="${colon_index} &gt;= 0">
<kw name="Evaluate" library="BuiltIn">
<var>${strategy}</var>
<arg>'''${locator}'''[:${colon_index}]</arg>
<doc>Evaluates the given expression in Python and returns the result.</doc>
<msg timestamp="20260114 20:28:50.720" level="INFO">${strategy} = id</msg>
<status status="PASS" starttime="20260114 20:28:50.720" endtime="20260114 20:28:50.720"/>
</kw>
<kw name="Evaluate" library="BuiltIn">
<var>${value}</var>
<arg>'''${locator}'''[${colon_index + 1}:]</arg>
<doc>Evaluates the given expression in Python and returns the result.</doc>
<msg timestamp="20260114 20:28:50.720" level="INFO">${value} = user-name</msg>
<status status="PASS" starttime="20260114 20:28:50.720" endtime="20260114 20:28:50.720"/>
</kw>
<return>
<value>${strategy}</value>
<value>${value}</value>
<status status="PASS" starttime="20260114 20:28:50.720" endtime="20260114 20:28:50.720"/>
</return>
<status status="PASS" starttime="20260114 20:28:50.720" endtime="20260114 20:28:50.720"/>
</branch>
<branch type="ELSE">
<return>
<value>${EMPTY}</value>
<value>${locator}</value>
<status status="NOT RUN" starttime="20260114 20:28:50.720" endtime="20260114 20:28:50.720"/>
</return>
<status status="NOT RUN" starttime="20260114 20:28:50.720" endtime="20260114 20:28:50.720"/>
</branch>
<status status="PASS" starttime="20260114 20:28:50.720" endtime="20260114 20:28:50.720"/>
</if>
<msg timestamp="20260114 20:28:50.720" level="INFO">${username_strategy} = id</msg>
<msg timestamp="20260114 20:28:50.720" level="INFO">${username_value} = user-name</msg>
<status status="PASS" starttime="20260114 20:28:50.720" endtime="20260114 20:28:50.720"/>
</kw>
<kw name="Get Locator" library="keywords">
<var>${password_strategy}</var>
<var>${password_value}</var>
<arg>LOGIN_PASSWORD</arg>
<kw name="Load Locators" library="keywords">
<var>${locators}</var>
<if>
<branch type="IF" condition="$LOCATORS_CACHE == {}">
<kw name="Get File" library="OperatingSystem">
<var>${locators_content}</var>
<arg>${LOCATORS_FILE}</arg>
<doc>Returns the contents of a specified file.</doc>
<status status="NOT RUN" starttime="20260114 20:28:50.720" endtime="20260114 20:28:50.720"/>
</kw>
<kw name="Evaluate" library="BuiltIn">
<var>${locators}</var>
<arg>json.loads('''${locators_content}''')</arg>
<arg>json</arg>
<doc>Evaluates the given expression in Python and returns the result.</doc>
<status status="NOT RUN" starttime="20260114 20:28:50.736" endtime="20260114 20:28:50.736"/>
</kw>
<kw name="Set Suite Variable" library="BuiltIn">
<arg>&amp;{LOCATORS_CACHE}</arg>
<arg>&amp;{locators}</arg>
<doc>Makes a variable available everywhere within the scope of the current suite.</doc>
<status status="NOT RUN" starttime="20260114 20:28:50.736" endtime="20260114 20:28:50.736"/>
</kw>
<status status="NOT RUN" starttime="20260114 20:28:50.720" endtime="20260114 20:28:50.736"/>
</branch>
<status status="PASS" starttime="20260114 20:28:50.720" endtime="20260114 20:28:50.736"/>
</if>
<return>
<value>${LOCATORS_CACHE}</value>
<status status="PASS" starttime="20260114 20:28:50.736" endtime="20260114 20:28:50.736"/>
</return>
<msg timestamp="20260114 20:28:50.736" level="INFO">${locators} = {'LOGIN_USER': 'id:user-name', 'LOGIN_PASSWORD': 'id:password', 'LOGIN_BUTTON': 'id:login-button', 'BURGER_MENU_BTN': 'id:react-burger-menu-btn', 'BURGER_MENU_CLOSE_BTN': 'id:react-burger-cross-btn', ...</msg>
<status status="PASS" starttime="20260114 20:28:50.720" endtime="20260114 20:28:50.736"/>
</kw>
<kw name="Set Variable" library="BuiltIn">
<var>${locator}</var>
<arg>${locators}[${key}]</arg>
<doc>Returns the given values which can then be assigned to a variables.</doc>
<msg timestamp="20260114 20:28:50.736" level="INFO">${locator} = id:password</msg>
<status status="PASS" starttime="20260114 20:28:50.736" endtime="20260114 20:28:50.736"/>
</kw>
<kw name="Evaluate" library="BuiltIn">
<var>${colon_index}</var>
<arg>'''${locator}'''.find(':')</arg>
<doc>Evaluates the given expression in Python and returns the result.</doc>
<msg timestamp="20260114 20:28:50.736" level="INFO">${colon_index} = 2</msg>
<status status="PASS" starttime="20260114 20:28:50.736" endtime="20260114 20:28:50.736"/>
</kw>
<if>
<branch type="IF" condition="${colon_index} &gt;= 0">
<kw name="Evaluate" library="BuiltIn">
<var>${strategy}</var>
<arg>'''${locator}'''[:${colon_index}]</arg>
<doc>Evaluates the given expression in Python and returns the result.</doc>
<msg timestamp="20260114 20:28:50.736" level="INFO">${strategy} = id</msg>
<status status="PASS" starttime="20260114 20:28:50.736" endtime="20260114 20:28:50.736"/>
</kw>
<kw name="Evaluate" library="BuiltIn">
<var>${value}</var>
<arg>'''${locator}'''[${colon_index + 1}:]</arg>
<doc>Evaluates the given expression in Python and returns the result.</doc>
<msg timestamp="20260114 20:28:50.736" level="INFO">${value} = password</msg>
<status status="PASS" starttime="20260114 20:28:50.736" endtime="20260114 20:28:50.736"/>
</kw>
<return>
<value>${strategy}</value>
<value>${value}</value>
<status status="PASS" starttime="20260114 20:28:50.736" endtime="20260114 20:28:50.736"/>
</return>
<status status="PASS" starttime="20260114 20:28:50.736" endtime="20260114 20:28:50.736"/>
</branch>
<branch type="ELSE">
<return>
<value>${EMPTY}</value>
<value>${locator}</value>
<status status="NOT RUN" starttime="20260114 20:28:50.736" endtime="20260114 20:28:50.736"/>
</return>
<status status="NOT RUN" starttime="20260114 20:28:50.736" endtime="20260114 20:28:50.736"/>
</branch>
<status status="PASS" starttime="20260114 20:28:50.736" endtime="20260114 20:28:50.736"/>
</if>
<msg timestamp="20260114 20:28:50.736" level="INFO">${password_strategy} = id</msg>
<msg timestamp="20260114 20:28:50.736" level="INFO">${password_value} = password</msg>
<status status="PASS" starttime="20260114 20:28:50.720" endtime="20260114 20:28:50.736"/>
</kw>
<kw name="Get Locator" library="keywords">
<var>${button_strategy}</var>
<var>${button_value}</var>
<arg>LOGIN_BUTTON</arg>
<kw name="Load Locators" library="keywords">
<var>${locators}</var>
<if>
<branch type="IF" condition="$LOCATORS_CACHE == {}">
<kw name="Get File" library="OperatingSystem">
<var>${locators_content}</var>
<arg>${LOCATORS_FILE}</arg>
<doc>Returns the contents of a specified file.</doc>
<status status="NOT RUN" starttime="20260114 20:28:50.736" endtime="20260114 20:28:50.736"/>
</kw>
<kw name="Evaluate" library="BuiltIn">
<var>${locators}</var>
<arg>json.loads('''${locators_content}''')</arg>
<arg>json</arg>
<doc>Evaluates the given expression in Python and returns the result.</doc>
<status status="NOT RUN" starttime="20260114 20:28:50.736" endtime="20260114 20:28:50.736"/>
</kw>
<kw name="Set Suite Variable" library="BuiltIn">
<arg>&amp;{LOCATORS_CACHE}</arg>
<arg>&amp;{locators}</arg>
<doc>Makes a variable available everywhere within the scope of the current suite.</doc>
<status status="NOT RUN" starttime="20260114 20:28:50.736" endtime="20260114 20:28:50.736"/>
</kw>
<status status="NOT RUN" starttime="20260114 20:28:50.736" endtime="20260114 20:28:50.736"/>
</branch>
<status status="PASS" starttime="20260114 20:28:50.736" endtime="20260114 20:28:50.736"/>
</if>
<return>
<value>${LOCATORS_CACHE}</value>
<status status="PASS" starttime="20260114 20:28:50.736" endtime="20260114 20:28:50.736"/>
</return>
<msg timestamp="20260114 20:28:50.736" level="INFO">${locators} = {'LOGIN_USER': 'id:user-name', 'LOGIN_PASSWORD': 'id:password', 'LOGIN_BUTTON': 'id:login-button', 'BURGER_MENU_BTN': 'id:react-burger-menu-btn', 'BURGER_MENU_CLOSE_BTN': 'id:react-burger-cross-btn', ...</msg>
<status status="PASS" starttime="20260114 20:28:50.736" endtime="20260114 20:28:50.736"/>
</kw>
<kw name="Set Variable" library="BuiltIn">
<var>${locator}</var>
<arg>${locators}[${key}]</arg>
<doc>Returns the given values which can then be assigned to a variables.</doc>
<msg timestamp="20260114 20:28:50.736" level="INFO">${locator} = id:login-button</msg>
<status status="PASS" starttime="20260114 20:28:50.736" endtime="20260114 20:28:50.736"/>
</kw>
<kw name="Evaluate" library="BuiltIn">
<var>${colon_index}</var>
<arg>'''${locator}'''.find(':')</arg>
[...]
<arg>timeout=5s</arg>
<doc>Waits until the element ``locator`` is visible.</doc>
<status status="PASS" starttime="20260114 20:31:15.439" endtime="20260114 20:31:16.082"/>
</kw>
<kw name="Wait Until Element Is Enabled" library="SeleniumLibrary">
<arg>${menu_btn_strategy}:${menu_btn_value}</arg>
<arg>timeout=5s</arg>
<doc>Waits until the element ``locator`` is enabled.</doc>
<status status="PASS" starttime="20260114 20:31:16.083" endtime="20260114 20:31:17.040"/>
</kw>
<kw name="Sleep" library="BuiltIn">
<arg>0.3s</arg>
<doc>Pauses the test executed for the given time.</doc>
<msg timestamp="20260114 20:31:17.349" level="INFO">Slept 300 milliseconds</msg>
<status status="PASS" starttime="20260114 20:31:17.040" endtime="20260114 20:31:17.349"/>
</kw>
<kw name="Click Element" library="SeleniumLibrary">
<arg>${menu_btn_strategy}:${menu_btn_value}</arg>
<doc>Click the element identified by ``locator``.</doc>
<msg timestamp="20260114 20:31:17.350" level="INFO">Clicking element 'id:react-burger-menu-btn'.</msg>
<status status="PASS" starttime="20260114 20:31:17.349" endtime="20260114 20:31:18.092"/>
</kw>
<status status="PASS" starttime="20260114 20:31:14.100" endtime="20260114 20:31:18.093"/>
</kw>
<kw name="Get Locator" library="keywords">
<var>${reset_strategy}</var>
<var>${reset_value}</var>
<arg>MENU_RESET_APP_STATE</arg>
<kw name="Load Locators" library="keywords">
<var>${locators}</var>
<if>
<branch type="IF" condition="$LOCATORS_CACHE == {}">
<kw name="Get File" library="OperatingSystem">
<var>${locators_content}</var>
<arg>${LOCATORS_FILE}</arg>
<doc>Returns the contents of a specified file.</doc>
<status status="NOT RUN" starttime="20260114 20:31:18.094" endtime="20260114 20:31:18.094"/>
</kw>
<kw name="Evaluate" library="BuiltIn">
<var>${locators}</var>
<arg>json.loads('''${locators_content}''')</arg>
<arg>json</arg>
<doc>Evaluates the given expression in Python and returns the result.</doc>
<status status="NOT RUN" starttime="20260114 20:31:18.094" endtime="20260114 20:31:18.094"/>
</kw>
<kw name="Set Suite Variable" library="BuiltIn">
<arg>&amp;{LOCATORS_CACHE}</arg>
<arg>&amp;{locators}</arg>
<doc>Makes a variable available everywhere within the scope of the current suite.</doc>
<status status="NOT RUN" starttime="20260114 20:31:18.094" endtime="20260114 20:31:18.094"/>
</kw>
<status status="NOT RUN" starttime="20260114 20:31:18.093" endtime="20260114 20:31:18.094"/>
</branch>
<status status="PASS" starttime="20260114 20:31:18.093" endtime="20260114 20:31:18.094"/>
</if>
<return>
<value>${LOCATORS_CACHE}</value>
<status status="PASS" starttime="20260114 20:31:18.094" endtime="20260114 20:31:18.094"/>
</return>
<msg timestamp="20260114 20:31:18.094" level="INFO">${locators} = {'LOGIN_USER': 'id:user-name', 'LOGIN_PASSWORD': 'id:password', 'LOGIN_BUTTON': 'id:login-button', 'BURGER_MENU_BTN': 'id:react-burger-menu-btn', 'BURGER_MENU_CLOSE_BTN': 'id:react-burger-cross-btn', ...</msg>
<status status="PASS" starttime="20260114 20:31:18.093" endtime="20260114 20:31:18.094"/>
</kw>
<kw name="Set Variable" library="BuiltIn">
<var>${locator}</var>
<arg>${locators}[${key}]</arg>
<doc>Returns the given values which can then be assigned to a variables.</doc>
<msg timestamp="20260114 20:31:18.095" level="INFO">${locator} = id:reset_sidebar_link</msg>
<status status="PASS" starttime="20260114 20:31:18.095" endtime="20260114 20:31:18.095"/>
</kw>
<kw name="Evaluate" library="BuiltIn">
<var>${colon_index}</var>
<arg>'''${locator}'''.find(':')</arg>
<doc>Evaluates the given expression in Python and returns the result.</doc>
<msg timestamp="20260114 20:31:18.095" level="INFO">${colon_index} = 2</msg>
<status status="PASS" starttime="20260114 20:31:18.095" endtime="20260114 20:31:18.095"/>
</kw>
<if>
<branch type="IF" condition="${colon_index} &gt;= 0">
<kw name="Evaluate" library="BuiltIn">
<var>${strategy}</var>
<arg>'''${locator}'''[:${colon_index}]</arg>
<doc>Evaluates the given expression in Python and returns the result.</doc>
<msg timestamp="20260114 20:31:18.096" level="INFO">${strategy} = id</msg>
<status status="PASS" starttime="20260114 20:31:18.095" endtime="20260114 20:31:18.096"/>
</kw>
<kw name="Evaluate" library="BuiltIn">
<var>${value}</var>
<arg>'''${locator}'''[${colon_index + 1}:]</arg>
<doc>Evaluates the given expression in Python and returns the result.</doc>
<msg timestamp="20260114 20:31:18.096" level="INFO">${value} = reset_sidebar_link</msg>
<status status="PASS" starttime="20260114 20:31:18.096" endtime="20260114 20:31:18.097"/>
</kw>
<return>
<value>${strategy}</value>
<value>${value}</value>
<status status="PASS" starttime="20260114 20:31:18.097" endtime="20260114 20:31:18.097"/>
</return>
<status status="PASS" starttime="20260114 20:31:18.095" endtime="20260114 20:31:18.097"/>
</branch>
<branch type="ELSE">
<return>
<value>${EMPTY}</value>
<value>${locator}</value>
<status status="NOT RUN" starttime="20260114 20:31:18.097" endtime="20260114 20:31:18.097"/>
</return>
<status status="NOT RUN" starttime="20260114 20:31:18.097" endtime="20260114 20:31:18.097"/>
</branch>
<status status="PASS" starttime="20260114 20:31:18.095" endtime="20260114 20:31:18.097"/>
</if>
<msg timestamp="20260114 20:31:18.097" level="INFO">${reset_strategy} = id</msg>
<msg timestamp="20260114 20:31:18.097" level="INFO">${reset_value} = reset_sidebar_link</msg>
<status status="PASS" starttime="20260114 20:31:18.093" endtime="20260114 20:31:18.097"/>
</kw>
<kw name="Click Element" library="SeleniumLibrary">
<arg>${reset_strategy}:${reset_value}</arg>
<doc>Click the element identified by ``locator``.</doc>
<msg timestamp="20260114 20:31:18.098" level="INFO">Clicking element 'id:reset_sidebar_link'.</msg>
<status status="PASS" starttime="20260114 20:31:18.097" endtime="20260114 20:31:18.795"/>
</kw>
<kw name="Close Burger Menu" library="keywords">
<doc>Ferme le menu burger en cliquant sur le bouton X et attend que le menu disparaisse.</doc>
<kw name="Get Locator" library="keywords">
<var>${close_btn_strategy}</var>
<var>${close_btn_value}</var>
<arg>BURGER_MENU_CLOSE_BTN</arg>
<kw name="Load Locators" library="keywords">
<var>${locators}</var>
<if>
<branch type="IF" condition="$LOCATORS_CACHE == {}">
<kw name="Get File" library="OperatingSystem">
<var>${locators_content}</var>
<arg>${LOCATORS_FILE}</arg>
<doc>Returns the contents of a specified file.</doc>
<status status="NOT RUN" starttime="20260114 20:31:18.796" endtime="20260114 20:31:18.796"/>
</kw>
<kw name="Evaluate" library="BuiltIn">
<var>${locators}</var>
<arg>json.loads('''${locators_content}''')</arg>
<arg>json</arg>
<doc>Evaluates the given expression in Python and returns the result.</doc>
<status status="NOT RUN" starttime="20260114 20:31:18.796" endtime="20260114 20:31:18.796"/>
</kw>
<kw name="Set Suite Variable" library="BuiltIn">
<arg>&amp;{LOCATORS_CACHE}</arg>
<arg>&amp;{locators}</arg>
<doc>Makes a variable available everywhere within the scope of the current suite.</doc>
<status status="NOT RUN" starttime="20260114 20:31:18.796" endtime="20260114 20:31:18.796"/>
</kw>
<status status="NOT RUN" starttime="20260114 20:31:18.796" endtime="20260114 20:31:18.797"/>
</branch>
<status status="PASS" starttime="20260114 20:31:18.796" endtime="20260114 20:31:18.797"/>
</if>
<return>
<value>${LOCATORS_CACHE}</value>
<status status="PASS" starttime="20260114 20:31:18.797" endtime="20260114 20:31:18.797"/>
</return>
<msg timestamp="20260114 20:31:18.797" level="INFO">${locators} = {'LOGIN_USER': 'id:user-name', 'LOGIN_PASSWORD': 'id:password', 'LOGIN_BUTTON': 'id:login-button', 'BURGER_MENU_BTN': 'id:react-burger-menu-btn', 'BURGER_MENU_CLOSE_BTN': 'id:react-burger-cross-btn', ...</msg>
<status status="PASS" starttime="20260114 20:31:18.796" endtime="20260114 20:31:18.797"/>
</kw>
<kw name="Set Variable" library="BuiltIn">
<var>${locator}</var>
<arg>${locators}[${key}]</arg>
<doc>Returns the given values which can then be assigned to a variables.</doc>
<msg timestamp="20260114 20:31:18.797" level="INFO">${locator} = id:react-burger-cross-btn</msg>
<status status="PASS" starttime="20260114 20:31:18.797" endtime="20260114 20:31:18.797"/>
</kw>
<kw name="Evaluate" library="BuiltIn">
<var>${colon_index}</var>
<arg>'''${locator}'''.find(':')</arg>
<doc>Evaluates the given expression in Python and returns the result.</doc>
<msg timestamp="20260114 20:31:18.798" level="INFO">${colon_index} = 2</msg>
<status status="PASS" starttime="20260114 20:31:18.798" endtime="20260114 20:31:18.798"/>
</kw>
<if>
<branch type="IF" condition="${colon_index} &gt;= 0">
<kw name="Evaluate" library="BuiltIn">
<var>${strategy}</var>
<arg>'''${locator}'''[:${colon_index}]</arg>
<doc>Evaluates the given expression in Python and returns the result.</doc>
<msg timestamp="20260114 20:31:18.799" level="INFO">${strategy} = id</msg>
<status status="PASS" starttime="20260114 20:31:18.798" endtime="20260114 20:31:18.799"/>
</kw>
<kw name="Evaluate" library="BuiltIn">
<var>${value}</var>
<arg>'''${locator}'''[${colon_index + 1}:]</arg>
<doc>Evaluates the given expression in Python and returns the result.</doc>
<msg timestamp="20260114 20:31:18.800" level="INFO">${value} = react-burger-cross-btn</msg>
<status status="PASS" starttime="20260114 20:31:18.799" endtime="20260114 20:31:18.800"/>
</kw>
<return>
<value>${strategy}</value>
<value>${value}</value>
<status status="PASS" starttime="20260114 20:31:18.801" endtime="20260114 20:31:18.801"/>
</return>
<status status="PASS" starttime="20260114 20:31:18.798" endtime="20260114 20:31:18.801"/>
</branch>
<branch type="ELSE">
<return>
<value>${EMPTY}</value>
<value>${locator}</value>
<status status="NOT RUN" starttime="20260114 20:31:18.801" endtime="20260114 20:31:18.801"/>
</return>
<status status="NOT RUN" starttime="20260114 20:31:18.801" endtime="20260114 20:31:18.801"/>
</branch>
<status status="PASS" starttime="20260114 20:31:18.798" endtime="20260114 20:31:18.801"/>
</if>
<msg timestamp="20260114 20:31:18.801" level="INFO">${close_btn_strategy} = id</msg>
<msg timestamp="20260114 20:31:18.801" level="INFO">${close_btn_value} = react-burger-cross-btn</msg>
<status status="PASS" starttime="20260114 20:31:18.795" endtime="20260114 20:31:18.801"/>
</kw>
<kw name="Wait Until Element Is Visible" library="SeleniumLibrary">
<arg>${close_btn_strategy}:${close_btn_value}</arg>
<arg>5s</arg>
<doc>Waits until the element ``locator`` is visible.</doc>
<status status="PASS" starttime="20260114 20:31:18.801" endtime="20260114 20:31:19.442"/>
</kw>
<kw name="Click Element" library="SeleniumLibrary">
<arg>${close_btn_strategy}:${close_btn_value}</arg>
<doc>Click the element identified by ``locator``.</doc>
<msg timestamp="20260114 20:31:19.442" level="INFO">Clicking element 'id:react-burger-cross-btn'.</msg>
<status status="PASS" starttime="20260114 20:31:19.442" endtime="20260114 20:31:20.109"/>
</kw>
<kw name="Wait Until Element Is Not Visible" library="SeleniumLibrary">
<arg>${close_btn_strategy}:${close_btn_value}</arg>
<arg>5s</arg>
<doc>Waits until the element ``locator`` is not visible.</doc>
<status status="PASS" starttime="20260114 20:31:20.109" endtime="20260114 20:31:20.733"/>
</kw>
<status status="PASS" starttime="20260114 20:31:18.795" endtime="20260114 20:31:20.734"/>
</kw>
<kw name="Get Locator" library="keywords">
<var>${badge_strategy}</var>
<var>${badge_value}</var>
<arg>SHOPPING_CART_BADGE</arg>
<kw name="Load Locators" library="keywords">
<var>${locators}</var>
<if>
<branch type="IF" condition="$LOCATORS_CACHE == {}">
<kw name="Get File" library="OperatingSystem">
<var>${locators_content}</var>
<arg>${LOCATORS_FILE}</arg>
<doc>Returns the contents of a specified file.</doc>
<status status="NOT RUN" starttime="20260114 20:31:20.735" endtime="20260114 20:31:20.735"/>
</kw>
<kw name="Evaluate" library="BuiltIn">
<var>${locators}</var>
<arg>json.loads('''${locators_content}''')</arg>
<arg>json</arg>
<doc>Evaluates the given expression in Python and returns the result.</doc>
<status status="NOT RUN" starttime="20260114 20:31:20.735" endtime="20260114 20:31:20.735"/>
</kw>
<kw name="Set Suite Variable" library="BuiltIn">
<arg>&amp;{LOCATORS_CACHE}</arg>
<arg>&amp;{locators}</arg>
<doc>Makes a variable available everywhere within the scope of the current suite.</doc>
<status status="NOT RUN" starttime="20260114 20:31:20.735" endtime="20260114 20:31:20.735"/>
</kw>
<status status="NOT RUN" starttime="20260114 20:31:20.735" endtime="20260114 20:31:20.735"/>
</branch>
<status status="PASS" starttime="20260114 20:31:20.734" endtime="20260114 20:31:20.736"/>
</if>
<return>
<value>${LOCATORS_CACHE}</value>
<status status="PASS" starttime="20260114 20:31:20.736" endtime="20260114 20:31:20.736"/>
</return>
<msg timestamp="20260114 20:31:20.736" level="INFO">${locators} = {'LOGIN_USER': 'id:user-name', 'LOGIN_PASSWORD': 'id:password', 'LOGIN_BUTTON': 'id:login-button', 'BURGER_MENU_BTN': 'id:react-burger-menu-btn', 'BURGER_MENU_CLOSE_BTN': 'id:react-burger-cross-btn', ...</msg>
<status status="PASS" starttime="20260114 20:31:20.734" endtime="20260114 20:31:20.736"/>
</kw>
<kw name="Set Variable" library="BuiltIn">
<var>${locator}</var>
<arg>${locators}[${key}]</arg>
<doc>Returns the given values which can then be assigned to a variables.</doc>
<msg timestamp="20260114 20:31:20.736" level="INFO">${locator} = class:shopping_cart_link</msg>
<status status="PASS" starttime="20260114 20:31:20.736" endtime="20260114 20:31:20.736"/>
</kw>
<kw name="Evaluate" library="BuiltIn">
<var>${colon_index}</var>
<arg>'''${locator}'''.find(':')</arg>
<doc>Evaluates the given expression in Python and returns the result.</doc>
<msg timestamp="20260114 20:31:20.737" level="INFO">${colon_index} = 5</msg>
<status status="PASS" starttime="20260114 20:31:20.736" endtime="20260114 20:31:20.737"/>
</kw>
<if>
<branch type="IF" condition="${colon_index} &gt;= 0">
<kw name="Evaluate" library="BuiltIn">
<var>${strategy}</var>
<arg>'''${locator}'''[:${colon_index}]</arg>
<doc>Evaluates the given expression in Python and returns the result.</doc>
<msg timestamp="20260114 20:31:20.737" level="INFO">${strategy} = class</msg>
<status status="PASS" starttime="20260114 20:31:20.737" endtime="20260114 20:31:20.737"/>
</kw>
<kw name="Evaluate" library="BuiltIn">
<var>${value}</var>
<arg>'''${locator}'''[${colon_index + 1}:]</arg>
<doc>Evaluates the given expression in Python and returns the result.</doc>
<msg timestamp="20260114 20:31:20.738" level="INFO">${value} = shopping_cart_link</msg>
<status status="PASS" starttime="20260114 20:31:20.737" endtime="20260114 20:31:20.738"/>
</kw>
<return>
<value>${strategy}</value>
<value>${value}</value>
<status status="PASS" starttime="20260114 20:31:20.738" endtime="20260114 20:31:20.738"/>
</return>
<status status="PASS" starttime="20260114 20:31:20.737" endtime="20260114 20:31:20.738"/>
</branch>
<branch type="ELSE">
<return>
<value>${EMPTY}</value>
<value>${locator}</value>
<status status="NOT RUN" starttime="20260114 20:31:20.738" endtime="20260114 20:31:20.738"/>
</return>
<status status="NOT RUN" starttime="20260114 20:31:20.738" endtime="20260114 20:31:20.738"/>
</branch>
<status status="PASS" starttime="20260114 20:31:20.737" endtime="20260114 20:31:20.738"/>
</if>
<msg timestamp="20260114 20:31:20.738" level="INFO">${badge_strategy} = class</msg>
<msg timestamp="20260114 20:31:20.739" level="INFO">${badge_value} = shopping_cart_link</msg>
<status status="PASS" starttime="20260114 20:31:20.734" endtime="20260114 20:31:20.739"/>
</kw>
<kw name="Wait Until Element Is Not Visible" library="SeleniumLibrary">
<arg>${badge_strategy}:${badge_value}</arg>
<arg>5s</arg>
<doc>Waits until the element ``locator`` is not visible.</doc>
<msg timestamp="20260114 20:31:26.208" level="INFO" html="true">&lt;/td&gt;&lt;/tr&gt;&lt;tr&gt;&lt;td colspan="3"&gt;&lt;a href="selenium-screenshot-35.png"&gt;&lt;img src="selenium-screenshot-35.png" width="800px"&gt;&lt;/a&gt;</msg>
<msg timestamp="20260114 20:31:26.209" level="FAIL">Element 'class:shopping_cart_link' still visible after 5 seconds.</msg>
<status status="FAIL" starttime="20260114 20:31:20.739" endtime="20260114 20:31:26.210"/>
</kw>
<kw name="Get WebElements" library="SeleniumLibrary">
<var>@{buttons}</var>
<arg>css:button.btn_inventory</arg>
<doc>Returns a list of WebElement objects matching the ``locator``.</doc>
<status status="NOT RUN" starttime="20260114 20:31:26.210" endtime="20260114 20:31:26.210"/>
</kw>
<for flavor="IN">
<var>${btn}</var>
<value>@{buttons}</value>
<iter>
<var name="${btn}"/>
<kw name="Get Text" library="SeleniumLibrary">
<var>${text}</var>
<arg>${btn}</arg>
<doc>Returns the text value of the element identified by ``locator``.</doc>
<status status="NOT RUN" starttime="20260114 20:31:26.210" endtime="20260114 20:31:26.211"/>
</kw>
<kw name="Should Be Equal" library="BuiltIn">
<arg>${text}</arg>
<arg>Add to cart</arg>
<doc>Fails if the given objects are unequal.</doc>
<status status="NOT RUN" starttime="20260114 20:31:26.211" endtime="20260114 20:31:26.211"/>
</kw>
<status status="NOT RUN" starttime="20260114 20:31:26.210" endtime="20260114 20:31:26.211"/>
</iter>
<status status="NOT RUN" starttime="20260114 20:31:26.210" endtime="20260114 20:31:26.211"/>
</for>
<kw name="Element Should Not Be Visible" library="SeleniumLibrary">
<arg>${badge_strategy}:${badge_value}</arg>
<doc>Verifies that the element identified by ``locator`` is NOT visible.</doc>
<status status="NOT RUN" starttime="20260114 20:31:26.211" endtime="20260114 20:31:26.211"/>
</kw>
<status status="FAIL" starttime="20260114 20:31:14.099" endtime="20260114 20:31:26.211"/>
</kw>
<kw name="Run Keyword If Test Failed" library="BuiltIn" type="TEARDOWN">
<arg>Capture Page Screenshot</arg>
<doc>Runs the given keyword with the given arguments, if the test failed.</doc>
<kw name="Capture Page Screenshot" library="SeleniumLibrary">
<doc>Takes a screenshot of the current page and embeds it into a log file.</doc>
<msg timestamp="20260114 20:31:26.666" level="INFO" html="true">&lt;/td&gt;&lt;/tr&gt;&lt;tr&gt;&lt;td colspan="3"&gt;&lt;a href="selenium-screenshot-36.png"&gt;&lt;img src="selenium-screenshot-36.png" width="800px"&gt;&lt;/a&gt;</msg>
<status status="PASS" starttime="20260114 20:31:26.213" endtime="20260114 20:31:26.666"/>
</kw>
<status status="PASS" starttime="20260114 20:31:26.212" endtime="20260114 20:31:26.666"/>
</kw>
<doc>Vérifie que l'utilisateur peut réinitialiser l'état de l'application et vider le panier</doc>
<status status="FAIL" starttime="20260114 20:31:02.230" endtime="20260114 20:31:26.667">Element 'class:shopping_cart_link' still visible after 5 seconds.</status>
</test>
<kw name="Close Browser" library="SeleniumLibrary" type="TEARDOWN">
<doc>Closes the current browser.</doc>
<status status="PASS" starttime="20260114 20:31:26.669" endtime="20260114 20:31:29.046"/>
</kw>
<status status="FAIL" starttime="20260114 20:31:02.216" endtime="20260114 20:31:29.046"/>
</suite>
<status status="FAIL" starttime="20260114 20:27:18.173" endtime="20260114 20:31:29.054"/>
</suite>
<statistics>
<total>
<stat pass="6" fail="2" skip="0">All Tests</stat>
</total>
<tag>
</tag>
<suite>
<stat pass="6" fail="2" skip="0" id="s1" name="Tests">Tests</stat>
<stat pass="1" fail="0" skip="0" id="s1-s1" name="Test About">Tests.Test About</stat>
<stat pass="1" fail="0" skip="0" id="s1-s2" name="Test All Items">Tests.Test All Items</stat>
<stat pass="1" fail="0" skip="0" id="s1-s3" name="Test Burger Menu">Tests.Test Burger Menu</stat>
<stat pass="0" fail="1" skip="0" id="s1-s4" name="Test Burger Menu Full">Tests.Test Burger Menu Full</stat>
<stat pass="1" fail="0" skip="0" id="s1-s5" name="Test Login">Tests.Test Login</stat>
<stat pass="1" fail="0" skip="0" id="s1-s6" name="Test Logout">Tests.Test Logout</stat>
<stat pass="1" fail="0" skip="0" id="s1-s7" name="Test Menu Close">Tests.Test Menu Close</stat>
<stat pass="0" fail="1" skip="0" id="s1-s8" name="Test Reset App">Tests.Test Reset App</stat>
</suite>
</statistics>
<errors>
</errors>
</robot>
